TN:
SF:/usr/include/c++/9/iostream
end_of_record
SF:/usr/include/c++/9/bits/stl_uninitialized.h
FN:76,_ZNSt20__uninitialized_copyILb0EE13__uninit_copyISt13move_iteratorIPSt6vectorIiSaIiEEES6_EET0_T_S9_S8_
FNDA:0,_ZNSt20__uninitialized_copyILb0EE13__uninit_copyISt13move_iteratorIPSt6vectorIiSaIiEEES6_EET0_T_S9_S8_
FN:76,_ZNSt20__uninitialized_copyILb0EE13__uninit_copyIN9__gnu_cxx17__normal_iteratorIPKSt6vectorIiSaIiEES4_IS6_SaIS6_EEEEPS6_EET0_T_SE_SD_
FNDA:565,_ZNSt20__uninitialized_copyILb0EE13__uninit_copyIN9__gnu_cxx17__normal_iteratorIPKSt6vectorIiSaIiEES4_IS6_SaIS6_EEEEPS6_EET0_T_SE_SD_
FN:76,_ZNSt20__uninitialized_copyILb0EE13__uninit_copyISt13move_iteratorIPSt6vectorIS3_IiSaIiEESaIS5_EEES8_EET0_T_SB_SA_
FNDA:0,_ZNSt20__uninitialized_copyILb0EE13__uninit_copyISt13move_iteratorIPSt6vectorIS3_IiSaIiEESaIS5_EEES8_EET0_T_SB_SA_
FN:99,_ZNSt20__uninitialized_copyILb1EE13__uninit_copyIN9__gnu_cxx17__normal_iteratorIPKiSt6vectorIiSaIiEEEEPiEET0_T_SC_SB_
FNDA:7759,_ZNSt20__uninitialized_copyILb1EE13__uninit_copyIN9__gnu_cxx17__normal_iteratorIPKiSt6vectorIiSaIiEEEEPiEET0_T_SC_SB_
FN:99,_ZNSt20__uninitialized_copyILb1EE13__uninit_copyIPKiPiEET0_T_S6_S5_
FNDA:28545,_ZNSt20__uninitialized_copyILb1EE13__uninit_copyIPKiPiEET0_T_S6_S5_
FN:115,_ZSt18uninitialized_copyIN9__gnu_cxx17__normal_iteratorIPKiSt6vectorIiSaIiEEEEPiET0_T_SA_S9_
FNDA:7759,_ZSt18uninitialized_copyIN9__gnu_cxx17__normal_iteratorIPKiSt6vectorIiSaIiEEEEPiET0_T_SA_S9_
FN:115,_ZSt18uninitialized_copyIPKiPiET0_T_S4_S3_
FNDA:28545,_ZSt18uninitialized_copyIPKiPiET0_T_S4_S3_
FN:115,_ZSt18uninitialized_copyISt13move_iteratorIPSt6vectorIiSaIiEEES4_ET0_T_S7_S6_
FNDA:0,_ZSt18uninitialized_copyISt13move_iteratorIPSt6vectorIiSaIiEEES4_ET0_T_S7_S6_
FN:115,_ZSt18uninitialized_copyISt13move_iteratorIPSt6vectorIS1_IiSaIiEESaIS3_EEES6_ET0_T_S9_S8_
FNDA:0,_ZSt18uninitialized_copyISt13move_iteratorIPSt6vectorIS1_IiSaIiEESaIS3_EEES6_ET0_T_S9_S8_
FN:115,_ZSt18uninitialized_copyIN9__gnu_cxx17__normal_iteratorIPKSt6vectorIiSaIiEES2_IS4_SaIS4_EEEEPS4_ET0_T_SC_SB_
FNDA:565,_ZSt18uninitialized_copyIN9__gnu_cxx17__normal_iteratorIPKSt6vectorIiSaIiEES2_IS4_SaIS4_EEEEPS4_ET0_T_SC_SB_
FN:287,_ZSt22__uninitialized_copy_aIPKiPiiET0_T_S4_S3_RSaIT1_E
FNDA:28545,_ZSt22__uninitialized_copy_aIPKiPiiET0_T_S4_S3_RSaIT1_E
FN:287,_ZSt22__uninitialized_copy_aISt13move_iteratorIPSt6vectorIS1_IiSaIiEESaIS3_EEES6_S5_ET0_T_S9_S8_RSaIT1_E
FNDA:0,_ZSt22__uninitialized_copy_aISt13move_iteratorIPSt6vectorIS1_IiSaIiEESaIS3_EEES6_S5_ET0_T_S9_S8_RSaIT1_E
FN:287,_ZSt22__uninitialized_copy_aIN9__gnu_cxx17__normal_iteratorIPKSt6vectorIiSaIiEES2_IS4_SaIS4_EEEEPS4_S4_ET0_T_SC_SB_RSaIT1_E
FNDA:565,_ZSt22__uninitialized_copy_aIN9__gnu_cxx17__normal_iteratorIPKSt6vectorIiSaIiEES2_IS4_SaIS4_EEEEPS4_S4_ET0_T_SC_SB_RSaIT1_E
FN:287,_ZSt22__uninitialized_copy_aISt13move_iteratorIPSt6vectorIiSaIiEEES4_S3_ET0_T_S7_S6_RSaIT1_E
FNDA:0,_ZSt22__uninitialized_copy_aISt13move_iteratorIPSt6vectorIiSaIiEEES4_S3_ET0_T_S7_S6_RSaIT1_E
FN:287,_ZSt22__uninitialized_copy_aIN9__gnu_cxx17__normal_iteratorIPKiSt6vectorIiSaIiEEEEPiiET0_T_SA_S9_RSaIT1_E
FNDA:7759,_ZSt22__uninitialized_copy_aIN9__gnu_cxx17__normal_iteratorIPKiSt6vectorIiSaIiEEEEPiiET0_T_SA_S9_RSaIT1_E
FN:305,_ZSt34__uninitialized_move_if_noexcept_aIPSt6vectorIiSaIiEES3_SaIS2_EET0_T_S6_S5_RT1_
FNDA:0,_ZSt34__uninitialized_move_if_noexcept_aIPSt6vectorIiSaIiEES3_SaIS2_EET0_T_S6_S5_RT1_
FN:305,_ZSt34__uninitialized_move_if_noexcept_aIPSt6vectorIS0_IiSaIiEESaIS2_EES5_SaIS4_EET0_T_S8_S7_RT1_
FNDA:0,_ZSt34__uninitialized_move_if_noexcept_aIPSt6vectorIS0_IiSaIiEESaIS2_EES5_SaIS4_EET0_T_S8_S7_RT1_
FN:887,_ZSt19__relocate_object_aISt6vectorIS0_IiSaIiEESaIS2_EES4_SaIS4_EEvPT_PT0_RT1_
FNDA:99,_ZSt19__relocate_object_aISt6vectorIS0_IiSaIiEESaIS2_EES4_SaIS4_EEvPT_PT0_RT1_
FN:887,_ZSt19__relocate_object_aISt6vectorIiSaIiEES2_SaIS2_EEvPT_PT0_RT1_
FNDA:39414,_ZSt19__relocate_object_aISt6vectorIiSaIiEES2_SaIS2_EEvPT_PT0_RT1_
FN:918,_ZSt14__relocate_a_1IPSt6vectorIS0_IiSaIiEESaIS2_EES5_SaIS4_EET0_T_S8_S7_RT1_
FNDA:158,_ZSt14__relocate_a_1IPSt6vectorIS0_IiSaIiEESaIS2_EES5_SaIS4_EET0_T_S8_S7_RT1_
FN:918,_ZSt14__relocate_a_1IPSt6vectorIiSaIiEES3_SaIS2_EET0_T_S6_S5_RT1_
FNDA:28242,_ZSt14__relocate_a_1IPSt6vectorIiSaIiEES3_SaIS2_EET0_T_S6_S5_RT1_
FN:940,_ZSt12__relocate_aIPSt6vectorIS0_IiSaIiEESaIS2_EES5_SaIS4_EET0_T_S8_S7_RT1_
FNDA:158,_ZSt12__relocate_aIPSt6vectorIS0_IiSaIiEESaIS2_EES5_SaIS4_EET0_T_S8_S7_RT1_
FN:940,_ZSt12__relocate_aIPSt6vectorIiSaIiEES3_SaIS2_EET0_T_S6_S5_RT1_
FNDA:28242,_ZSt12__relocate_aIPSt6vectorIiSaIiEES3_SaIS2_EET0_T_S6_S5_RT1_
DA:76,0
DA:79,0
DA:82,0
DA:83,0
DA:84,0
DA:86,0
DA:88,0
DA:89,0
DA:76,565
DA:79,565
DA:82,6386
DA:83,5821
DA:84,565
DA:86,0
DA:88,0
DA:89,0
DA:76,0
DA:79,0
DA:82,0
DA:83,0
DA:84,0
DA:86,0
DA:88,0
DA:89,0
DA:99,7759
DA:101,7759
DA:99,28545
DA:101,28545
DA:115,7759
DA:128,7759
DA:134,7759
DA:115,0
DA:128,0
DA:134,0
DA:115,565
DA:128,565
DA:134,565
DA:115,0
DA:128,0
DA:134,0
DA:115,28545
DA:128,28545
DA:134,28545
DA:287,7759
DA:289,7759
DA:287,0
DA:289,0
DA:287,565
DA:289,565
DA:287,0
DA:289,0
DA:287,28545
DA:289,28545
DA:305,0
DA:311,0
DA:312,0
DA:305,0
DA:311,0
DA:312,0
DA:887,39414
DA:894,39414
DA:895,39414
DA:896,39414
DA:887,99
DA:894,99
DA:895,99
DA:896,99
DA:918,28242
DA:930,28242
DA:931,67656
DA:932,39414
DA:934,28242
DA:918,158
DA:930,158
DA:931,257
DA:932,99
DA:934,158
DA:940,28242
DA:946,28242
DA:948,28242
DA:940,158
DA:946,158
DA:948,158
end_of_record
SF:/usr/include/c++/9/new
FN:173,_ZnwmPv
FNDA:69749,_ZnwmPv
FN:179,_ZdlPvS_
FNDA:0,_ZdlPvS_
DA:173,69749
DA:174,69749
DA:179,0
end_of_record
SF:/usr/include/c++/9/tuple
FN:125,_ZNSt10_Head_baseILm0ERiLb0EEC2ES0_
FNDA:4,_ZNSt10_Head_baseILm0ERiLb0EEC2ES0_
FN:125,_ZNSt10_Head_baseILm1ERSt6vectorIS0_IiSaIiEESaIS2_EELb0EEC2ES5_
FNDA:4,_ZNSt10_Head_baseILm1ERSt6vectorIS0_IiSaIiEESaIS2_EELb0EEC2ES5_
FN:160,_ZNSt10_Head_baseILm1ESt6vectorIS0_IiSaIiEESaIS2_EELb0EE7_M_headERS5_
FNDA:65,_ZNSt10_Head_baseILm1ESt6vectorIS0_IiSaIiEESaIS2_EELb0EE7_M_headERS5_
FN:160,_ZNSt10_Head_baseILm0ERiLb0EE7_M_headERS1_
FNDA:4,_ZNSt10_Head_baseILm0ERiLb0EE7_M_headERS1_
FN:160,_ZNSt10_Head_baseILm0EiLb0EE7_M_headERS0_
FNDA:4,_ZNSt10_Head_baseILm0EiLb0EE7_M_headERS0_
FN:160,_ZNSt10_Head_baseILm1ERSt6vectorIS0_IiSaIiEESaIS2_EELb0EE7_M_headERS6_
FNDA:4,_ZNSt10_Head_baseILm1ERSt6vectorIS0_IiSaIiEESaIS2_EELb0EE7_M_headERS6_
FN:195,_ZNSt11_Tuple_implILm0EJRiRSt6vectorIS1_IiSaIiEESaIS3_EEEE7_M_headERS7_
FNDA:4,_ZNSt11_Tuple_implILm0EJRiRSt6vectorIS1_IiSaIiEESaIS3_EEEE7_M_headERS7_
FN:195,_ZNSt11_Tuple_implILm0EJiSt6vectorIS0_IiSaIiEESaIS2_EEEE7_M_headERS5_
FNDA:4,_ZNSt11_Tuple_implILm0EJiSt6vectorIS0_IiSaIiEESaIS2_EEEE7_M_headERS5_
FN:201,_ZNSt11_Tuple_implILm0EJRiRSt6vectorIS1_IiSaIiEESaIS3_EEEE7_M_tailERS7_
FNDA:4,_ZNSt11_Tuple_implILm0EJRiRSt6vectorIS1_IiSaIiEESaIS3_EEEE7_M_tailERS7_
FN:201,_ZNSt11_Tuple_implILm0EJiSt6vectorIS0_IiSaIiEESaIS2_EEEE7_M_tailERS5_
FNDA:4,_ZNSt11_Tuple_implILm0EJiSt6vectorIS0_IiSaIiEESaIS2_EEEE7_M_tailERS5_
FN:210,_ZNSt11_Tuple_implILm0EJRiRSt6vectorIS1_IiSaIiEESaIS3_EEEEC2ES0_S6_
FNDA:4,_ZNSt11_Tuple_implILm0EJRiRSt6vectorIS1_IiSaIiEESaIS3_EEEEC2ES0_S6_
FN:306,_ZNSt11_Tuple_implILm0EJRiRSt6vectorIS1_IiSaIiEESaIS3_EEEE9_M_assignIiJS5_EEEvOS_ILm0EJT_DpT0_EE
FNDA:4,_ZNSt11_Tuple_implILm0EJRiRSt6vectorIS1_IiSaIiEESaIS3_EEEE9_M_assignIiJS5_EEEvOS_ILm0EJT_DpT0_EE
FN:334,_ZNSt11_Tuple_implILm1EJSt6vectorIS0_IiSaIiEESaIS2_EEEE7_M_headERS5_
FNDA:65,_ZNSt11_Tuple_implILm1EJSt6vectorIS0_IiSaIiEESaIS2_EEEE7_M_headERS5_
FN:334,_ZNSt11_Tuple_implILm1EJRSt6vectorIS0_IiSaIiEESaIS2_EEEE7_M_headERS6_
FNDA:4,_ZNSt11_Tuple_implILm1EJRSt6vectorIS0_IiSaIiEESaIS2_EEEE7_M_headERS6_
FN:343,_ZNSt11_Tuple_implILm1EJRSt6vectorIS0_IiSaIiEESaIS2_EEEEC2ES5_
FNDA:4,_ZNSt11_Tuple_implILm1EJRSt6vectorIS0_IiSaIiEESaIS2_EEEEC2ES5_
FN:419,_ZNSt11_Tuple_implILm1EJRSt6vectorIS0_IiSaIiEESaIS2_EEEE9_M_assignIS4_EEvOS_ILm1EJT_EE
FNDA:4,_ZNSt11_Tuple_implILm1EJRSt6vectorIS0_IiSaIiEESaIS2_EEEE9_M_assignIS4_EEvOS_ILm1EJT_EE
FN:945,_ZNSt5tupleIJRiRSt6vectorIS1_IiSaIiEESaIS3_EEEEC2IvLb1EEES0_S6_
FNDA:4,_ZNSt5tupleIJRiRSt6vectorIS1_IiSaIiEESaIS3_EEEEC2IvLb1EEES0_S6_
FN:1235,_ZNSt5tupleIJRiRSt6vectorIS1_IiSaIiEESaIS3_EEEEaSIiS5_EENSt9enable_ifIXcl12__assignableIT_T0_EEERS7_E4typeEOS_IJSA_SB_EE
FNDA:4,_ZNSt5tupleIJRiRSt6vectorIS1_IiSaIiEESaIS3_EEEEaSIiS5_EENSt9enable_ifIXcl12__assignableIT_T0_EEERS7_E4typeEOS_IJSA_SB_EE
FN:1309,_ZSt12__get_helperILm1ESt6vectorIS0_IiSaIiEESaIS2_EEJEERT0_RSt11_Tuple_implIXT_EJS5_DpT1_EE
FNDA:61,_ZSt12__get_helperILm1ESt6vectorIS0_IiSaIiEESaIS2_EEJEERT0_RSt11_Tuple_implIXT_EJS5_DpT1_EE
FN:1320,_ZSt3getILm1EJiSt6vectorIS0_IiSaIiEESaIS2_EEEERNSt13tuple_elementIXT_ESt5tupleIJDpT0_EEE4typeERS9_
FNDA:61,_ZSt3getILm1EJiSt6vectorIS0_IiSaIiEESaIS2_EEEERNSt13tuple_elementIXT_ESt5tupleIJDpT0_EEE4typeERS9_
FN:1332,_ZSt3getILm1EJiSt6vectorIS0_IiSaIiEESaIS2_EEEEONSt13tuple_elementIXT_ESt5tupleIJDpT0_EEE4typeEOS9_
FNDA:61,_ZSt3getILm1EJiSt6vectorIS0_IiSaIiEESaIS2_EEEEONSt13tuple_elementIXT_ESt5tupleIJDpT0_EEE4typeEOS9_
FN:1611,_ZSt3tieIJiSt6vectorIS0_IiSaIiEESaIS2_EEEESt5tupleIJDpRT_EES8_
FNDA:4,_ZSt3tieIJiSt6vectorIS0_IiSaIiEESaIS2_EEEESt5tupleIJDpRT_EES8_
DA:125,4
DA:126,4
DA:125,4
DA:126,4
DA:160,4
DA:160,65
DA:160,4
DA:160,4
DA:195,4
DA:195,4
DA:201,4
DA:201,4
DA:210,4
DA:211,4
DA:306,4
DA:308,4
DA:309,4
DA:310,8
DA:311,4
DA:312,4
DA:334,4
DA:334,65
DA:343,4
DA:344,4
DA:419,4
DA:421,4
DA:422,8
DA:423,4
DA:945,4
DA:946,4
DA:1235,4
DA:1238,4
DA:1239,4
DA:1309,61
DA:1310,61
DA:1320,61
DA:1321,61
DA:1332,61
DA:1335,61
DA:1611,4
DA:1612,4
end_of_record
SF:/usr/include/c++/9/bits/cpp_type_traits.h
FN:428,_ZSt12__miter_baseIN9__gnu_cxx17__normal_iteratorIPKiSt6vectorIiSaIiEEEEET_S8_
FNDA:15518,_ZSt12__miter_baseIN9__gnu_cxx17__normal_iteratorIPKiSt6vectorIiSaIiEEEEET_S8_
FN:428,_ZSt12__miter_baseIPKiET_S2_
FNDA:57118,_ZSt12__miter_baseIPKiET_S2_
DA:428,15518
DA:429,15518
DA:428,57118
DA:429,57118
end_of_record
SF:/usr/include/c++/9/bits/stl_algobase.h
FN:198,_ZSt3minImERKT_S2_S2_
FNDA:57342,_ZSt3minImERKT_S2_S2_
FN:222,_ZSt3maxImERKT_S2_S2_
FNDA:14292,_ZSt3maxImERKT_S2_S2_
FN:280,_ZSt12__niter_baseIPSt6vectorIiSaIiEEET_S4_
FNDA:84726,_ZSt12__niter_baseIPSt6vectorIiSaIiEEET_S4_
FN:280,_ZSt12__niter_baseIPSt6vectorIS0_IiSaIiEESaIS2_EEET_S6_
FNDA:474,_ZSt12__niter_baseIPSt6vectorIS0_IiSaIiEESaIS2_EEET_S6_
FN:280,_ZSt12__niter_baseIPiET_S1_
FNDA:36682,_ZSt12__niter_baseIPiET_S1_
FN:280,_ZSt12__niter_baseIPKiET_S2_
FNDA:57118,_ZSt12__niter_baseIPKiET_S2_
FN:295,_ZSt12__niter_wrapIPiET_RKS1_S1_
FNDA:36322,_ZSt12__niter_wrapIPiET_RKS1_S1_
FN:375,_ZNSt11__copy_moveILb0ELb1ESt26random_access_iterator_tagE8__copy_mIiEEPT_PKS3_S6_S4_
FNDA:36318,_ZNSt11__copy_moveILb0ELb1ESt26random_access_iterator_tagE8__copy_mIiEEPT_PKS3_S6_S4_
FN:393,_ZSt13__copy_move_aILb0EPKiPiET1_T0_S4_S3_
FNDA:36318,_ZSt13__copy_move_aILb0EPKiPiET1_T0_S4_S3_
FN:438,_ZSt14__copy_move_a2ILb0EN9__gnu_cxx17__normal_iteratorIPKiSt6vectorIiSaIiEEEEPiET1_T0_SA_S9_
FNDA:7759,_ZSt14__copy_move_a2ILb0EN9__gnu_cxx17__normal_iteratorIPKiSt6vectorIiSaIiEEEEPiET1_T0_SA_S9_
FN:438,_ZSt14__copy_move_a2ILb0EPKiPiET1_T0_S4_S3_
FNDA:28559,_ZSt14__copy_move_a2ILb0EPKiPiET1_T0_S4_S3_
FN:465,_ZSt4copyIN9__gnu_cxx17__normal_iteratorIPKiSt6vectorIiSaIiEEEEPiET0_T_SA_S9_
FNDA:7759,_ZSt4copyIN9__gnu_cxx17__normal_iteratorIPKiSt6vectorIiSaIiEEEEPiET0_T_SA_S9_
FN:465,_ZSt4copyIPKiPiET0_T_S4_S3_
FNDA:28559,_ZSt4copyIPKiPiET0_T_S4_S3_
DA:198,57342
DA:203,57342
DA:204,0
DA:205,57342
DA:222,14292
DA:227,14292
DA:228,3160
DA:229,11132
DA:280,84726
DA:282,84726
DA:280,474
DA:282,474
DA:280,36682
DA:282,36682
DA:280,57118
DA:282,57118
DA:295,36322
DA:296,36322
DA:375,36318
DA:384,36318
DA:385,36318
DA:386,36317
DA:387,36318
DA:393,36318
DA:398,36318
DA:404,36318
DA:438,7759
DA:440,7759
DA:443,7759
DA:438,28559
DA:440,28559
DA:443,28559
DA:465,7759
DA:474,7759
DA:465,28559
DA:474,28559
end_of_record
SF:/usr/include/c++/9/ext/new_allocator.h
FN:80,_ZN9__gnu_cxx13new_allocatorIiEC2Ev
FNDA:28571,_ZN9__gnu_cxx13new_allocatorIiEC2Ev
FN:80,_ZN9__gnu_cxx13new_allocatorISt6vectorIiSaIiEEEC2Ev
FNDA:3691,_ZN9__gnu_cxx13new_allocatorISt6vectorIiSaIiEEEC2Ev
FN:80,_ZN9__gnu_cxx13new_allocatorISt6vectorIS1_IiSaIiEESaIS3_EEEC2Ev
FNDA:50,_ZN9__gnu_cxx13new_allocatorISt6vectorIS1_IiSaIiEESaIS3_EEEC2Ev
FN:83,_ZN9__gnu_cxx13new_allocatorISt6vectorIS1_IiSaIiEESaIS3_EEEC2ERKS6_
FNDA:28,_ZN9__gnu_cxx13new_allocatorISt6vectorIS1_IiSaIiEESaIS3_EEEC2ERKS6_
FN:83,_ZN9__gnu_cxx13new_allocatorIiEC2ERKS1_
FNDA:134916,_ZN9__gnu_cxx13new_allocatorIiEC2ERKS1_
FN:83,_ZN9__gnu_cxx13new_allocatorISt6vectorIiSaIiEEEC2ERKS4_
FNDA:7309,_ZN9__gnu_cxx13new_allocatorISt6vectorIiSaIiEEEC2ERKS4_
FN:89,_ZN9__gnu_cxx13new_allocatorISt6vectorIiSaIiEEED2Ev
FNDA:11000,_ZN9__gnu_cxx13new_allocatorISt6vectorIiSaIiEEED2Ev
FN:89,_ZN9__gnu_cxx13new_allocatorISt6vectorIS1_IiSaIiEESaIS3_EEED2Ev
FNDA:78,_ZN9__gnu_cxx13new_allocatorISt6vectorIS1_IiSaIiEESaIS3_EEED2Ev
FN:89,_ZN9__gnu_cxx13new_allocatorIiED2Ev
FNDA:163487,_ZN9__gnu_cxx13new_allocatorIiED2Ev
FN:102,_ZN9__gnu_cxx13new_allocatorISt6vectorIiSaIiEEE8allocateEmPKv
FNDA:14895,_ZN9__gnu_cxx13new_allocatorISt6vectorIiSaIiEEE8allocateEmPKv
FN:102,_ZN9__gnu_cxx13new_allocatorISt6vectorIS1_IiSaIiEESaIS3_EEE8allocateEmPKv
FNDA:79,_ZN9__gnu_cxx13new_allocatorISt6vectorIS1_IiSaIiEESaIS3_EEE8allocateEmPKv
FN:102,_ZN9__gnu_cxx13new_allocatorIiE8allocateEmPKv
FNDA:36367,_ZN9__gnu_cxx13new_allocatorIiE8allocateEmPKv
FN:119,_ZN9__gnu_cxx13new_allocatorIiE10deallocateEPim
FNDA:36367,_ZN9__gnu_cxx13new_allocatorIiE10deallocateEPim
FN:119,_ZN9__gnu_cxx13new_allocatorISt6vectorIS1_IiSaIiEESaIS3_EEE10deallocateEPS5_m
FNDA:79,_ZN9__gnu_cxx13new_allocatorISt6vectorIS1_IiSaIiEESaIS3_EEE10deallocateEPS5_m
FN:119,_ZN9__gnu_cxx13new_allocatorISt6vectorIiSaIiEEE10deallocateEPS3_m
FNDA:14895,_ZN9__gnu_cxx13new_allocatorISt6vectorIiSaIiEEE10deallocateEPS3_m
FN:132,_ZNK9__gnu_cxx13new_allocatorISt6vectorIiSaIiEEE8max_sizeEv
FNDA:43346,_ZNK9__gnu_cxx13new_allocatorISt6vectorIiSaIiEEE8max_sizeEv
FN:132,_ZNK9__gnu_cxx13new_allocatorIiE8max_sizeEv
FNDA:65036,_ZNK9__gnu_cxx13new_allocatorIiE8max_sizeEv
FN:132,_ZNK9__gnu_cxx13new_allocatorISt6vectorIS1_IiSaIiEESaIS3_EEE8max_sizeEv
FNDA:237,_ZNK9__gnu_cxx13new_allocatorISt6vectorIS1_IiSaIiEESaIS3_EEE8max_sizeEv
FN:144,_ZN9__gnu_cxx13new_allocatorISt6vectorIS1_IiSaIiEESaIS3_EEE9constructIS5_JRKS5_EEEvPT_DpOT0_
FNDA:96,_ZN9__gnu_cxx13new_allocatorISt6vectorIS1_IiSaIiEESaIS3_EEE9constructIS5_JRKS5_EEEvPT_DpOT0_
FN:144,_ZN9__gnu_cxx13new_allocatorISt6vectorIiSaIiEEE9constructIS3_JS3_EEEvPT_DpOT0_
FNDA:61656,_ZN9__gnu_cxx13new_allocatorISt6vectorIiSaIiEEE9constructIS3_JS3_EEEvPT_DpOT0_
FN:144,_ZN9__gnu_cxx13new_allocatorISt6vectorIS1_IiSaIiEESaIS3_EEE9constructIS5_JS5_EEEvPT_DpOT0_
FNDA:99,_ZN9__gnu_cxx13new_allocatorISt6vectorIS1_IiSaIiEESaIS3_EEE9constructIS5_JS5_EEEvPT_DpOT0_
FN:151,_ZN9__gnu_cxx13new_allocatorISt6vectorIS1_IiSaIiEESaIS3_EEE7destroyIS5_EEvPT_
FNDA:99,_ZN9__gnu_cxx13new_allocatorISt6vectorIS1_IiSaIiEESaIS3_EEE7destroyIS5_EEvPT_
FN:151,_ZN9__gnu_cxx13new_allocatorISt6vectorIiSaIiEEE7destroyIS3_EEvPT_
FNDA:39414,_ZN9__gnu_cxx13new_allocatorISt6vectorIiSaIiEEE7destroyIS3_EEvPT_
DA:80,50
DA:80,3691
DA:80,28571
DA:83,28
DA:83,134916
DA:83,7309
DA:89,163487
DA:89,78
DA:89,11000
DA:102,14895
DA:104,14895
DA:105,0
DA:114,14895
DA:102,79
DA:104,79
DA:105,0
DA:114,79
DA:102,36367
DA:104,36367
DA:105,0
DA:114,36367
DA:119,36367
DA:128,36367
DA:129,36367
DA:119,79
DA:128,79
DA:129,79
DA:119,14895
DA:128,14895
DA:129,14895
DA:132,43346
DA:135,43346
DA:132,237
DA:135,237
DA:132,65036
DA:135,65036
DA:144,99
DA:147,99
DA:144,61656
DA:147,61656
DA:144,96
DA:147,96
DA:151,39414
DA:153,39414
DA:151,99
DA:153,99
end_of_record
SF:/usr/include/c++/9/bits/stl_construct.h
FN:74,_ZSt10_ConstructISt6vectorIiSaIiEEJS2_EEvPT_DpOT0_
FNDA:0,_ZSt10_ConstructISt6vectorIiSaIiEEJS2_EEvPT_DpOT0_
FN:74,_ZSt10_ConstructISt6vectorIiSaIiEEJRKS2_EEvPT_DpOT0_
FNDA:6657,_ZSt10_ConstructISt6vectorIiSaIiEEJRKS2_EEvPT_DpOT0_
FN:74,_ZSt10_ConstructISt6vectorIS0_IiSaIiEESaIS2_EEJS4_EEvPT_DpOT0_
FNDA:0,_ZSt10_ConstructISt6vectorIS0_IiSaIiEESaIS2_EEJS4_EEvPT_DpOT0_
FN:97,_ZSt8_DestroyISt6vectorIS0_IiSaIiEESaIS2_EEEvPT_
FNDA:96,_ZSt8_DestroyISt6vectorIS0_IiSaIiEESaIS2_EEEvPT_
FN:97,_ZSt8_DestroyISt6vectorIiSaIiEEEvPT_
FNDA:29936,_ZSt8_DestroyISt6vectorIiSaIiEEEvPT_
FN:105,_ZNSt12_Destroy_auxILb0EE9__destroyIPSt6vectorIS2_IiSaIiEESaIS4_EEEEvT_S8_
FNDA:64,_ZNSt12_Destroy_auxILb0EE9__destroyIPSt6vectorIS2_IiSaIiEESaIS4_EEEEvT_S8_
FN:105,_ZNSt12_Destroy_auxILb0EE9__destroyIPSt6vectorIiSaIiEEEEvT_S6_
FNDA:7553,_ZNSt12_Destroy_auxILb0EE9__destroyIPSt6vectorIiSaIiEEEEvT_S6_
FN:117,_ZNSt12_Destroy_auxILb1EE9__destroyIPiEEvT_S3_
FNDA:98404,_ZNSt12_Destroy_auxILb1EE9__destroyIPiEEvT_S3_
FN:127,_ZSt8_DestroyIPiEvT_S1_
FNDA:98404,_ZSt8_DestroyIPiEvT_S1_
FN:127,_ZSt8_DestroyIPSt6vectorIS0_IiSaIiEESaIS2_EEEvT_S6_
FNDA:64,_ZSt8_DestroyIPSt6vectorIS0_IiSaIiEESaIS2_EEEvT_S6_
FN:127,_ZSt8_DestroyIPSt6vectorIiSaIiEEEvT_S4_
FNDA:7553,_ZSt8_DestroyIPSt6vectorIiSaIiEEEvT_S4_
FN:203,_ZSt8_DestroyIPiiEvT_S1_RSaIT0_E
FNDA:98404,_ZSt8_DestroyIPiiEvT_S1_RSaIT0_E
FN:203,_ZSt8_DestroyIPSt6vectorIS0_IiSaIiEESaIS2_EES4_EvT_S6_RSaIT0_E
FNDA:64,_ZSt8_DestroyIPSt6vectorIS0_IiSaIiEESaIS2_EES4_EvT_S6_RSaIT0_E
FN:203,_ZSt8_DestroyIPSt6vectorIiSaIiEES2_EvT_S4_RSaIT0_E
FNDA:7553,_ZSt8_DestroyIPSt6vectorIiSaIiEES2_EvT_S4_RSaIT0_E
DA:74,0
DA:75,0
DA:74,6657
DA:75,6657
DA:74,0
DA:75,0
DA:97,96
DA:98,96
DA:97,29936
DA:98,29936
DA:105,160
DA:107,160
DA:108,96
DA:109,64
DA:105,37489
DA:107,37489
DA:108,29936
DA:109,7553
DA:117,98404
DA:127,98404
DA:137,98404
DA:138,98404
DA:127,64
DA:137,64
DA:138,64
DA:127,7553
DA:137,7553
DA:138,7553
DA:203,98404
DA:206,98404
DA:207,98404
DA:203,64
DA:206,64
DA:207,64
DA:203,7553
DA:206,7553
DA:207,7553
end_of_record
SF:/home/pato/TPIMorfMat/template-alumnos/ejercicios.cpp
FN:8,_Z14esImagenValidaRKSt6vectorIS_IiSaIiEESaIS1_EE
FNDA:10,_Z14esImagenValidaRKSt6vectorIS_IiSaIiEESaIS1_EE
FN:14,_Z20sonPixelesConectadosRKSt6vectorIS_IiSaIiEESaIS1_EERKS1_S7_i
FNDA:21,_Z20sonPixelesConectadosRKSt6vectorIS_IiSaIiEESaIS1_EERKS1_S7_i
FN:20,_Z21devolverPromedioAreasRKSt6vectorIS_IiSaIiEESaIS1_EEi
FNDA:18,_Z21devolverPromedioAreasRKSt6vectorIS_IiSaIiEESaIS1_EEi
FN:51,_Z16calcularContornoRKSt6vectorIS_IiSaIiEESaIS1_EEi
FNDA:8,_Z16calcularContornoRKSt6vectorIS_IiSaIiEESaIS1_EEi
FN:67,_Z11cerrarFormaRSt6vectorIS_IiSaIiEESaIS1_EERKS3_
FNDA:2,_Z11cerrarFormaRSt6vectorIS_IiSaIiEESaIS1_EERKS3_
FN:89,_Z22obtenerRegionConectadaRSt6vectorIS_IiSaIiEESaIS1_EERKS1_
FNDA:4,_Z22obtenerRegionConectadaRSt6vectorIS_IiSaIiEESaIS1_EERKS1_
DA:8,10
DA:9,10
DA:14,21
DA:15,21
DA:20,18
DA:21,18
DA:22,36
DA:23,36
DA:24,18
DA:26,69
DA:27,194
DA:28,143
DA:29,61
DA:30,61
DA:34,18
DA:35,4
DA:37,14
DA:38,14
DA:39,49
DA:40,35
DA:42,14
DA:46,36
DA:51,8
DA:52,8
DA:53,52
DA:54,292
DA:55,248
DA:56,132
DA:57,104
DA:62,8
DA:67,2
DA:68,4
DA:69,4
DA:70,2
DA:72,16
DA:73,14
DA:76,4
DA:77,4
DA:79,16
DA:80,98
DA:81,84
DA:85,2
DA:89,4
DA:91,4
DA:92,4
DA:93,4
DA:95,8
end_of_record
SF:/usr/include/c++/9/bits/stl_vector.h
FN:94,_ZNSt12_Vector_baseIiSaIiEE17_Vector_impl_dataC2Ev
FNDA:37010,_ZNSt12_Vector_baseIiSaIiEE17_Vector_impl_dataC2Ev
FN:94,_ZNSt12_Vector_baseISt6vectorIS0_IiSaIiEESaIS2_EESaIS4_EE17_Vector_impl_dataC2Ev
FNDA:92,_ZNSt12_Vector_baseISt6vectorIS0_IiSaIiEESaIS2_EESaIS4_EE17_Vector_impl_dataC2Ev
FN:94,_ZNSt12_Vector_baseISt6vectorIiSaIiEESaIS2_EE17_Vector_impl_dataC2Ev
FNDA:13288,_ZNSt12_Vector_baseISt6vectorIiSaIiEESaIS2_EE17_Vector_impl_dataC2Ev
FN:99,_ZNSt12_Vector_baseIiSaIiEE17_Vector_impl_dataC2EOS2_
FNDA:61848,_ZNSt12_Vector_baseIiSaIiEE17_Vector_impl_dataC2EOS2_
FN:99,_ZNSt12_Vector_baseISt6vectorIiSaIiEESaIS2_EE17_Vector_impl_dataC2EOS5_
FNDA:99,_ZNSt12_Vector_baseISt6vectorIiSaIiEESaIS2_EE17_Vector_impl_dataC2EOS5_
FN:106,_ZNSt12_Vector_baseISt6vectorIiSaIiEESaIS2_EE17_Vector_impl_data12_M_copy_dataERKS5_
FNDA:18408,_ZNSt12_Vector_baseISt6vectorIiSaIiEESaIS2_EE17_Vector_impl_data12_M_copy_dataERKS5_
FN:106,_ZNSt12_Vector_baseISt6vectorIS0_IiSaIiEESaIS2_EESaIS4_EE17_Vector_impl_data12_M_copy_dataERKS7_
FNDA:84,_ZNSt12_Vector_baseISt6vectorIS0_IiSaIiEESaIS2_EESaIS4_EE17_Vector_impl_data12_M_copy_dataERKS7_
FN:114,_ZNSt12_Vector_baseISt6vectorIS0_IiSaIiEESaIS2_EESaIS4_EE17_Vector_impl_data12_M_swap_dataERS7_
FNDA:28,_ZNSt12_Vector_baseISt6vectorIS0_IiSaIiEESaIS2_EESaIS4_EE17_Vector_impl_data12_M_swap_dataERS7_
FN:114,_ZNSt12_Vector_baseISt6vectorIiSaIiEESaIS2_EE17_Vector_impl_data12_M_swap_dataERS5_
FNDA:6136,_ZNSt12_Vector_baseISt6vectorIiSaIiEESaIS2_EE17_Vector_impl_data12_M_swap_dataERS5_
FN:128,_ZNSt12_Vector_baseISt6vectorIS0_IiSaIiEESaIS2_EESaIS4_EE12_Vector_implC2Ev
FNDA:50,_ZNSt12_Vector_baseISt6vectorIS0_IiSaIiEESaIS2_EESaIS4_EE12_Vector_implC2Ev
FN:128,_ZNSt12_Vector_baseISt6vectorIiSaIiEESaIS2_EE12_Vector_implC2Ev
FNDA:3612,_ZNSt12_Vector_baseISt6vectorIiSaIiEESaIS2_EE12_Vector_implC2Ev
FN:133,_ZNSt12_Vector_baseISt6vectorIS0_IiSaIiEESaIS2_EESaIS4_EE12_Vector_implC2ERKS5_
FNDA:14,_ZNSt12_Vector_baseISt6vectorIS0_IiSaIiEESaIS2_EESaIS4_EE12_Vector_implC2ERKS5_
FN:133,_ZNSt12_Vector_baseIiSaIiEE12_Vector_implC2ERKS0_
FNDA:36534,_ZNSt12_Vector_baseIiSaIiEE12_Vector_implC2ERKS0_
FN:133,_ZNSt12_Vector_baseISt6vectorIiSaIiEESaIS2_EE12_Vector_implC2ERKS3_
FNDA:3540,_ZNSt12_Vector_baseISt6vectorIiSaIiEESaIS2_EE12_Vector_implC2ERKS3_
FN:140,_ZNSt12_Vector_baseIiSaIiEE12_Vector_implC2EOS2_
FNDA:61848,_ZNSt12_Vector_baseIiSaIiEE12_Vector_implC2EOS2_
FN:140,_ZNSt12_Vector_baseISt6vectorIiSaIiEESaIS2_EE12_Vector_implC2EOS5_
FNDA:99,_ZNSt12_Vector_baseISt6vectorIiSaIiEESaIS2_EE12_Vector_implC2EOS5_
FN:273,_ZNSt12_Vector_baseISt6vectorIS0_IiSaIiEESaIS2_EESaIS4_EE19_M_get_Tp_allocatorEv
FNDA:250,_ZNSt12_Vector_baseISt6vectorIS0_IiSaIiEESaIS2_EESaIS4_EE19_M_get_Tp_allocatorEv
FN:273,_ZNSt12_Vector_baseIiSaIiEE19_M_get_Tp_allocatorEv
FNDA:163833,_ZNSt12_Vector_baseIiSaIiEE19_M_get_Tp_allocatorEv
FN:273,_ZNSt12_Vector_baseISt6vectorIiSaIiEESaIS2_EE19_M_get_Tp_allocatorEv
FNDA:42910,_ZNSt12_Vector_baseISt6vectorIiSaIiEESaIS2_EE19_M_get_Tp_allocatorEv
FN:277,_ZNKSt12_Vector_baseISt6vectorIS0_IiSaIiEESaIS2_EESaIS4_EE19_M_get_Tp_allocatorEv
FNDA:172,_ZNKSt12_Vector_baseISt6vectorIS0_IiSaIiEESaIS2_EESaIS4_EE19_M_get_Tp_allocatorEv
FN:277,_ZNKSt12_Vector_baseISt6vectorIiSaIiEESaIS2_EE19_M_get_Tp_allocatorEv
FNDA:31703,_ZNKSt12_Vector_baseISt6vectorIiSaIiEESaIS2_EE19_M_get_Tp_allocatorEv
FN:277,_ZNKSt12_Vector_baseIiSaIiEE19_M_get_Tp_allocatorEv
FNDA:8105,_ZNKSt12_Vector_baseIiSaIiEE19_M_get_Tp_allocatorEv
FN:281,_ZNKSt12_Vector_baseISt6vectorIS0_IiSaIiEESaIS2_EESaIS4_EE13get_allocatorEv
FNDA:14,_ZNKSt12_Vector_baseISt6vectorIS0_IiSaIiEESaIS2_EESaIS4_EE13get_allocatorEv
FN:281,_ZNKSt12_Vector_baseISt6vectorIiSaIiEESaIS2_EE13get_allocatorEv
FNDA:3068,_ZNKSt12_Vector_baseISt6vectorIiSaIiEESaIS2_EE13get_allocatorEv
FN:285,_ZNSt12_Vector_baseISt6vectorIiSaIiEESaIS2_EEC2Ev
FNDA:3612,_ZNSt12_Vector_baseISt6vectorIiSaIiEESaIS2_EEC2Ev
FN:285,_ZNSt12_Vector_baseISt6vectorIS0_IiSaIiEESaIS2_EESaIS4_EEC2Ev
FNDA:50,_ZNSt12_Vector_baseISt6vectorIS0_IiSaIiEESaIS2_EESaIS4_EEC2Ev
FN:290,_ZNSt12_Vector_baseIiSaIiEEC2ERKS0_
FNDA:28771,_ZNSt12_Vector_baseIiSaIiEEC2ERKS0_
FN:290,_ZNSt12_Vector_baseISt6vectorIS0_IiSaIiEESaIS2_EESaIS4_EEC2ERKS5_
FNDA:14,_ZNSt12_Vector_baseISt6vectorIS0_IiSaIiEESaIS2_EESaIS4_EEC2ERKS5_
FN:290,_ZNSt12_Vector_baseISt6vectorIiSaIiEESaIS2_EEC2ERKS3_
FNDA:3143,_ZNSt12_Vector_baseISt6vectorIiSaIiEESaIS2_EEC2ERKS3_
FN:300,_ZNSt12_Vector_baseIiSaIiEEC2EmRKS0_
FNDA:7763,_ZNSt12_Vector_baseIiSaIiEEC2EmRKS0_
FN:300,_ZNSt12_Vector_baseISt6vectorIiSaIiEESaIS2_EEC2EmRKS3_
FNDA:397,_ZNSt12_Vector_baseISt6vectorIiSaIiEESaIS2_EEC2EmRKS3_
FN:305,_ZNSt12_Vector_baseISt6vectorIiSaIiEESaIS2_EEC2EOS4_
FNDA:99,_ZNSt12_Vector_baseISt6vectorIiSaIiEESaIS2_EEC2EOS4_
FN:305,_ZNSt12_Vector_baseIiSaIiEEC2EOS1_
FNDA:61848,_ZNSt12_Vector_baseIiSaIiEEC2EOS1_
FN:330,_ZNSt12_Vector_baseISt6vectorIiSaIiEESaIS2_EED2Ev
FNDA:7251,_ZNSt12_Vector_baseISt6vectorIiSaIiEESaIS2_EED2Ev
FN:330,_ZNSt12_Vector_baseISt6vectorIS0_IiSaIiEESaIS2_EESaIS4_EED2Ev
FNDA:64,_ZNSt12_Vector_baseISt6vectorIS0_IiSaIiEESaIS2_EESaIS4_EED2Ev
FN:330,_ZNSt12_Vector_baseIiSaIiEED2Ev
FNDA:98404,_ZNSt12_Vector_baseIiSaIiEED2Ev
FN:340,_ZNSt12_Vector_baseISt6vectorIS0_IiSaIiEESaIS2_EESaIS4_EE11_M_allocateEm
FNDA:79,_ZNSt12_Vector_baseISt6vectorIS0_IiSaIiEESaIS2_EESaIS4_EE11_M_allocateEm
FN:340,_ZNSt12_Vector_baseIiSaIiEE11_M_allocateEm
FNDA:36368,_ZNSt12_Vector_baseIiSaIiEE11_M_allocateEm
FN:340,_ZNSt12_Vector_baseISt6vectorIiSaIiEESaIS2_EE11_M_allocateEm
FNDA:14895,_ZNSt12_Vector_baseISt6vectorIiSaIiEESaIS2_EE11_M_allocateEm
FN:347,_ZNSt12_Vector_baseISt6vectorIS0_IiSaIiEESaIS2_EESaIS4_EE13_M_deallocateEPS4_m
FNDA:143,_ZNSt12_Vector_baseISt6vectorIS0_IiSaIiEESaIS2_EESaIS4_EE13_M_deallocateEPS4_m
FN:347,_ZNSt12_Vector_baseISt6vectorIiSaIiEESaIS2_EE13_M_deallocateEPS2_m
FNDA:21674,_ZNSt12_Vector_baseISt6vectorIiSaIiEESaIS2_EE13_M_deallocateEPS2_m
FN:347,_ZNSt12_Vector_baseIiSaIiEE13_M_deallocateEPim
FNDA:98464,_ZNSt12_Vector_baseIiSaIiEE13_M_deallocateEPim
FN:356,_ZNSt12_Vector_baseIiSaIiEE17_M_create_storageEm
FNDA:7763,_ZNSt12_Vector_baseIiSaIiEE17_M_create_storageEm
FN:356,_ZNSt12_Vector_baseISt6vectorIiSaIiEESaIS2_EE17_M_create_storageEm
FNDA:397,_ZNSt12_Vector_baseISt6vectorIiSaIiEESaIS2_EE17_M_create_storageEm
FN:428,_ZNSt6vectorIS_IiSaIiEESaIS1_EE19_S_nothrow_relocateESt17integral_constantIbLb1EE
FNDA:28242,_ZNSt6vectorIS_IiSaIiEESaIS1_EE19_S_nothrow_relocateESt17integral_constantIbLb1EE
FN:428,_ZNSt6vectorIS_IS_IiSaIiEESaIS1_EESaIS3_EE19_S_nothrow_relocateESt17integral_constantIbLb1EE
FNDA:158,_ZNSt6vectorIS_IS_IiSaIiEESaIS1_EESaIS3_EE19_S_nothrow_relocateESt17integral_constantIbLb1EE
FN:441,_ZNSt6vectorIS_IiSaIiEESaIS1_EE15_S_use_relocateEv
FNDA:28242,_ZNSt6vectorIS_IiSaIiEESaIS1_EE15_S_use_relocateEv
FN:441,_ZNSt6vectorIS_IS_IiSaIiEESaIS1_EESaIS3_EE15_S_use_relocateEv
FNDA:158,_ZNSt6vectorIS_IS_IiSaIiEESaIS1_EESaIS3_EE15_S_use_relocateEv
FN:450,_ZNSt6vectorIS_IiSaIiEESaIS1_EE14_S_do_relocateEPS1_S4_S4_RS2_St17integral_constantIbLb1EE
FNDA:28242,_ZNSt6vectorIS_IiSaIiEESaIS1_EE14_S_do_relocateEPS1_S4_S4_RS2_St17integral_constantIbLb1EE
FN:450,_ZNSt6vectorIS_IS_IiSaIiEESaIS1_EESaIS3_EE14_S_do_relocateEPS3_S6_S6_RS4_St17integral_constantIbLb1EE
FNDA:158,_ZNSt6vectorIS_IS_IiSaIiEESaIS1_EESaIS3_EE14_S_do_relocateEPS3_S6_S6_RS4_St17integral_constantIbLb1EE
FN:462,_ZNSt6vectorIS_IiSaIiEESaIS1_EE11_S_relocateEPS1_S4_S4_RS2_
FNDA:28242,_ZNSt6vectorIS_IiSaIiEESaIS1_EE11_S_relocateEPS1_S4_S4_RS2_
FN:462,_ZNSt6vectorIS_IS_IiSaIiEESaIS1_EESaIS3_EE11_S_relocateEPS3_S6_S6_RS4_
FNDA:158,_ZNSt6vectorIS_IS_IiSaIiEESaIS1_EESaIS3_EE11_S_relocateEPS3_S6_S6_RS4_
FN:484,_ZNSt6vectorIS_IiSaIiEESaIS1_EEC2Ev
FNDA:3612,_ZNSt6vectorIS_IiSaIiEESaIS1_EEC2Ev
FN:484,_ZNSt6vectorIS_IS_IiSaIiEESaIS1_EESaIS3_EEC2Ev
FNDA:50,_ZNSt6vectorIS_IS_IiSaIiEESaIS1_EESaIS3_EEC2Ev
FN:494,_ZNSt6vectorIS_IiSaIiEESaIS1_EEC2ERKS2_
FNDA:3068,_ZNSt6vectorIS_IiSaIiEESaIS1_EEC2ERKS2_
FN:494,_ZNSt6vectorIS_IS_IiSaIiEESaIS1_EESaIS3_EEC2ERKS4_
FNDA:14,_ZNSt6vectorIS_IS_IiSaIiEESaIS1_EESaIS3_EEC2ERKS4_
FN:550,_ZNSt6vectorIiSaIiEEC2ERKS1_
FNDA:7759,_ZNSt6vectorIiSaIiEEC2ERKS1_
FN:550,_ZNSt6vectorIS_IiSaIiEESaIS1_EEC2ERKS3_
FNDA:393,_ZNSt6vectorIS_IiSaIiEESaIS1_EEC2ERKS3_
FN:569,_ZNSt6vectorIiSaIiEEC2EOS1_
FNDA:61848,_ZNSt6vectorIiSaIiEEC2EOS1_
FN:569,_ZNSt6vectorIS_IiSaIiEESaIS1_EEC2EOS3_
FNDA:99,_ZNSt6vectorIS_IiSaIiEESaIS1_EEC2EOS3_
FN:622,_ZNSt6vectorIiSaIiEEC2ESt16initializer_listIiERKS0_
FNDA:28545,_ZNSt6vectorIiSaIiEEC2ESt16initializer_listIiERKS0_
FN:675,_ZNSt6vectorIS_IS_IiSaIiEESaIS1_EESaIS3_EED2Ev
FNDA:64,_ZNSt6vectorIS_IS_IiSaIiEESaIS1_EESaIS3_EED2Ev
FN:675,_ZNSt6vectorIiSaIiEED2Ev
FNDA:98404,_ZNSt6vectorIiSaIiEED2Ev
FN:675,_ZNSt6vectorIS_IiSaIiEESaIS1_EED2Ev
FNDA:7251,_ZNSt6vectorIS_IiSaIiEESaIS1_EED2Ev
FN:706,_ZNSt6vectorIS_IiSaIiEESaIS1_EEaSEOS3_
FNDA:3068,_ZNSt6vectorIS_IiSaIiEESaIS1_EEaSEOS3_
FN:706,_ZNSt6vectorIS_IS_IiSaIiEESaIS1_EESaIS3_EEaSEOS5_
FNDA:14,_ZNSt6vectorIS_IS_IiSaIiEESaIS1_EESaIS3_EEaSEOS5_
FN:727,_ZNSt6vectorIiSaIiEEaSESt16initializer_listIiE
FNDA:14,_ZNSt6vectorIiSaIiEEaSESt16initializer_listIiE
FN:808,_ZNSt6vectorIS_IS_IiSaIiEESaIS1_EESaIS3_EE5beginEv
FNDA:79,_ZNSt6vectorIS_IS_IiSaIiEESaIS1_EESaIS3_EE5beginEv
FN:808,_ZNSt6vectorIS_IiSaIiEESaIS1_EE5beginEv
FNDA:14137,_ZNSt6vectorIS_IiSaIiEESaIS1_EE5beginEv
FN:817,_ZNKSt6vectorIiSaIiEE5beginEv
FNDA:406423,_ZNKSt6vectorIiSaIiEE5beginEv
FN:817,_ZNKSt6vectorIS_IiSaIiEESaIS1_EE5beginEv
FNDA:589,_ZNKSt6vectorIS_IiSaIiEESaIS1_EE5beginEv
FN:817,_ZNKSt6vectorIS_IS_IiSaIiEESaIS1_EESaIS3_EE5beginEv
FNDA:18,_ZNKSt6vectorIS_IS_IiSaIiEESaIS1_EESaIS3_EE5beginEv
FN:826,_ZNSt6vectorIS_IiSaIiEESaIS1_EE3endEv
FNDA:14137,_ZNSt6vectorIS_IiSaIiEESaIS1_EE3endEv
FN:826,_ZNSt6vectorIS_IS_IiSaIiEESaIS1_EESaIS3_EE3endEv
FNDA:79,_ZNSt6vectorIS_IS_IiSaIiEESaIS1_EESaIS3_EE3endEv
FN:835,_ZNKSt6vectorIS_IiSaIiEESaIS1_EE3endEv
FNDA:577,_ZNKSt6vectorIS_IiSaIiEESaIS1_EE3endEv
FN:835,_ZNKSt6vectorIiSaIiEE3endEv
FNDA:207523,_ZNKSt6vectorIiSaIiEE3endEv
FN:835,_ZNKSt6vectorIS_IS_IiSaIiEESaIS1_EESaIS3_EE3endEv
FNDA:18,_ZNKSt6vectorIS_IS_IiSaIiEESaIS1_EESaIS3_EE3endEv
FN:915,_ZNKSt6vectorIS_IiSaIiEESaIS1_EE4sizeEv
FNDA:347858,_ZNKSt6vectorIS_IiSaIiEESaIS1_EE4sizeEv
FN:915,_ZNKSt6vectorIS_IS_IiSaIiEESaIS1_EESaIS3_EE4sizeEv
FNDA:711,_ZNKSt6vectorIS_IS_IiSaIiEESaIS1_EESaIS3_EE4sizeEv
FN:915,_ZNKSt6vectorIiSaIiEE4sizeEv
FNDA:410005,_ZNKSt6vectorIiSaIiEE4sizeEv
FN:920,_ZNKSt6vectorIS_IS_IiSaIiEESaIS1_EESaIS3_EE8max_sizeEv
FNDA:158,_ZNKSt6vectorIS_IS_IiSaIiEESaIS1_EESaIS3_EE8max_sizeEv
FN:920,_ZNKSt6vectorIS_IiSaIiEESaIS1_EE8max_sizeEv
FNDA:28242,_ZNKSt6vectorIS_IiSaIiEESaIS1_EE8max_sizeEv
FN:995,_ZNKSt6vectorIiSaIiEE8capacityEv
FNDA:14,_ZNKSt6vectorIiSaIiEE8capacityEv
FN:1004,_ZNKSt6vectorIS_IS_IiSaIiEESaIS1_EESaIS3_EE5emptyEv
FNDA:18,_ZNKSt6vectorIS_IS_IiSaIiEESaIS1_EESaIS3_EE5emptyEv
FN:1040,_ZNSt6vectorIS_IS_IiSaIiEESaIS1_EESaIS3_EEixEm
FNDA:35,_ZNSt6vectorIS_IS_IiSaIiEESaIS1_EESaIS3_EEixEm
FN:1040,_ZNSt6vectorIiSaIiEEixEm
FNDA:465,_ZNSt6vectorIiSaIiEEixEm
FN:1040,_ZNSt6vectorIS_IiSaIiEESaIS1_EEixEm
FNDA:516,_ZNSt6vectorIS_IiSaIiEESaIS1_EEixEm
FN:1058,_ZNKSt6vectorIiSaIiEEixEm
FNDA:98867,_ZNKSt6vectorIiSaIiEEixEm
FN:1058,_ZNKSt6vectorIS_IiSaIiEESaIS1_EEixEm
FNDA:271313,_ZNKSt6vectorIS_IiSaIiEESaIS1_EEixEm
FN:1184,_ZNSt6vectorIS_IS_IiSaIiEESaIS1_EESaIS3_EE9push_backERKS3_
FNDA:96,_ZNSt6vectorIS_IS_IiSaIiEESaIS1_EESaIS3_EE9push_backERKS3_
FN:1200,_ZNSt6vectorIS_IiSaIiEESaIS1_EE9push_backEOS1_
FNDA:22242,_ZNSt6vectorIS_IiSaIiEESaIS1_EE9push_backEOS1_
FN:1505,_ZNSt6vectorIiSaIiEE20_M_allocate_and_copyIPKiEEPimT_S6_
FNDA:0,_ZNSt6vectorIiSaIiEE20_M_allocate_and_copyIPKiEEPimT_S6_
FN:1574,_ZNSt6vectorIiSaIiEE19_M_range_initializeIPKiEEvT_S5_St20forward_iterator_tag
FNDA:28545,_ZNSt6vectorIiSaIiEE19_M_range_initializeIPKiEEvT_S5_St20forward_iterator_tag
FN:1753,_ZNKSt6vectorIS_IS_IiSaIiEESaIS1_EESaIS3_EE12_M_check_lenEmPKc
FNDA:79,_ZNKSt6vectorIS_IS_IiSaIiEESaIS1_EESaIS3_EE12_M_check_lenEmPKc
FN:1753,_ZNKSt6vectorIS_IiSaIiEESaIS1_EE12_M_check_lenEmPKc
FNDA:14121,_ZNKSt6vectorIS_IiSaIiEESaIS1_EE12_M_check_lenEmPKc
FN:1764,_ZNSt6vectorIiSaIiEE17_S_check_init_lenEmRKS0_
FNDA:28549,_ZNSt6vectorIiSaIiEE17_S_check_init_lenEmRKS0_
FN:1773,_ZNSt6vectorIS_IiSaIiEESaIS1_EE11_S_max_sizeERKS2_
FNDA:28451,_ZNSt6vectorIS_IiSaIiEESaIS1_EE11_S_max_sizeERKS2_
FN:1773,_ZNSt6vectorIiSaIiEE11_S_max_sizeERKS0_
FNDA:28669,_ZNSt6vectorIiSaIiEE11_S_max_sizeERKS0_
FN:1773,_ZNSt6vectorIS_IS_IiSaIiEESaIS1_EESaIS3_EE11_S_max_sizeERKS4_
FNDA:158,_ZNSt6vectorIS_IS_IiSaIiEESaIS1_EESaIS3_EE11_S_max_sizeERKS4_
FN:1789,_ZNSt6vectorIiSaIiEE15_M_erase_at_endEPi
FNDA:14,_ZNSt6vectorIiSaIiEE15_M_erase_at_endEPi
FN:1812,_ZNSt6vectorIS_IS_IiSaIiEESaIS1_EESaIS3_EE14_M_move_assignEOS5_St17integral_constantIbLb1EE
FNDA:14,_ZNSt6vectorIS_IS_IiSaIiEESaIS1_EESaIS3_EE14_M_move_assignEOS5_St17integral_constantIbLb1EE
FN:1812,_ZNSt6vectorIS_IiSaIiEESaIS1_EE14_M_move_assignEOS3_St17integral_constantIbLb1EE
FNDA:3068,_ZNSt6vectorIS_IiSaIiEESaIS1_EE14_M_move_assignEOS3_St17integral_constantIbLb1EE
DA:94,37010
DA:95,37010
DA:96,37010
DA:94,92
DA:95,92
DA:96,92
DA:94,13288
DA:95,13288
DA:96,13288
DA:99,61848
DA:100,61848
DA:101,61848
DA:102,61848
DA:99,99
DA:100,99
DA:101,99
DA:102,99
DA:106,84
DA:108,84
DA:109,84
DA:110,84
DA:111,84
DA:106,18408
DA:108,18408
DA:109,18408
DA:110,18408
DA:111,18408
DA:114,28
DA:118,28
DA:119,28
DA:120,28
DA:121,28
DA:122,28
DA:114,6136
DA:118,6136
DA:119,6136
DA:120,6136
DA:121,6136
DA:122,6136
DA:128,50
DA:130,50
DA:131,50
DA:128,3612
DA:130,3612
DA:131,3612
DA:133,14
DA:134,14
DA:135,14
DA:133,3540
DA:134,3540
DA:135,3540
DA:133,36534
DA:134,36534
DA:135,36534
DA:140,61848
DA:141,61848
DA:142,61848
DA:140,99
DA:141,99
DA:142,99
DA:273,163833
DA:274,163833
DA:273,250
DA:274,250
DA:273,42910
DA:274,42910
DA:277,8105
DA:278,8105
DA:277,172
DA:278,172
DA:277,31703
DA:278,31703
DA:281,14
DA:282,14
DA:281,3068
DA:282,3068
DA:285,50
DA:285,3612
DA:290,14
DA:291,14
DA:290,3143
DA:291,3143
DA:290,28771
DA:291,28771
DA:300,7763
DA:301,7763
DA:302,7763
DA:300,397
DA:301,397
DA:302,397
DA:305,61848
DA:305,99
DA:330,98404
DA:332,98404
DA:333,98404
DA:334,98404
DA:330,64
DA:332,64
DA:333,64
DA:334,64
DA:330,7251
DA:332,7251
DA:333,7251
DA:334,7251
DA:340,14895
DA:343,14895
DA:340,79
DA:343,79
DA:340,36368
DA:343,36368
DA:347,98464
DA:350,98464
DA:351,36367
DA:352,98464
DA:347,143
DA:350,143
DA:351,79
DA:352,143
DA:347,21674
DA:350,21674
DA:351,14895
DA:352,21674
DA:356,7763
DA:358,7763
DA:359,7763
DA:360,7763
DA:361,7763
DA:356,397
DA:358,397
DA:359,397
DA:360,397
DA:361,397
DA:428,28242
DA:433,28242
DA:428,158
DA:433,158
DA:441,28242
DA:446,28242
DA:441,158
DA:446,158
DA:450,28242
DA:453,28242
DA:450,158
DA:453,158
DA:462,28242
DA:466,28242
DA:462,158
DA:466,158
DA:484,50
DA:484,3612
DA:494,14
DA:495,14
DA:494,3068
DA:495,3068
DA:550,7759
DA:552,7759
DA:554,7759
DA:555,7759
DA:557,7759
DA:558,7759
DA:550,393
DA:552,393
DA:554,393
DA:555,393
DA:557,393
DA:558,393
DA:569,61848
DA:569,99
DA:622,28545
DA:624,28545
DA:626,28545
DA:628,28545
DA:675,98404
DA:677,98404
DA:678,98404
DA:680,98404
DA:675,64
DA:677,64
DA:678,64
DA:680,64
DA:675,7251
DA:677,7251
DA:678,7251
DA:680,7251
DA:706,14
DA:708,14
DA:711,14
DA:712,14
DA:706,3068
DA:708,3068
DA:711,3068
DA:712,3068
DA:727,14
DA:729,14
DA:731,14
DA:808,14137
DA:809,14137
DA:808,79
DA:809,79
DA:817,406423
DA:818,406423
DA:817,589
DA:818,589
DA:817,18
DA:818,18
DA:826,14137
DA:827,14137
DA:826,79
DA:827,79
DA:835,207523
DA:836,207523
DA:835,577
DA:836,577
DA:835,18
DA:836,18
DA:915,711
DA:916,711
DA:915,410005
DA:916,410005
DA:915,347858
DA:916,347858
DA:920,28242
DA:921,28242
DA:920,158
DA:921,158
DA:995,14
DA:996,14
DA:997,14
DA:1004,18
DA:1005,18
DA:1040,465
DA:1043,465
DA:1040,516
DA:1043,516
DA:1040,35
DA:1043,35
DA:1058,98867
DA:1061,98867
DA:1058,271313
DA:1061,271313
DA:1184,96
DA:1186,96
DA:1189,17
DA:1191,17
DA:1195,79
DA:1196,96
DA:1200,22242
DA:1201,22242
DA:1505,0
DA:1508,0
DA:1511,0
DA:1512,0
DA:1513,0
DA:1515,0
DA:1517,0
DA:1518,0
DA:1574,28545
DA:1577,28545
DA:1578,28545
DA:1579,28545
DA:1580,28545
DA:1581,28545
DA:1582,28545
DA:1584,28545
DA:1585,28545
DA:1753,14121
DA:1755,14121
DA:1756,0
DA:1758,14121
DA:1759,14121
DA:1753,79
DA:1755,79
DA:1756,0
DA:1758,79
DA:1759,79
DA:1764,28549
DA:1766,28549
DA:1767,0
DA:1769,28549
DA:1773,28451
DA:1778,28451
DA:1780,28451
DA:1781,28451
DA:1773,158
DA:1778,158
DA:1780,158
DA:1781,158
DA:1773,28669
DA:1778,28669
DA:1780,28669
DA:1781,28669
DA:1789,14
DA:1791,14
DA:1793,0
DA:1794,0
DA:1795,0
DA:1798,14
DA:1812,14
DA:1814,28
DA:1815,14
DA:1816,14
DA:1817,14
DA:1818,14
DA:1812,3068
DA:1814,6136
DA:1815,3068
DA:1816,3068
DA:1817,3068
DA:1818,3068
end_of_record
SF:/usr/include/c++/9/bits/stl_iterator.h
FN:806,_ZN9__gnu_cxx17__normal_iteratorIPKSt6vectorIS1_IiSaIiEESaIS3_EES1_IS5_SaIS5_EEEC2ERKS7_
FNDA:36,_ZN9__gnu_cxx17__normal_iteratorIPKSt6vectorIS1_IiSaIiEESaIS3_EES1_IS5_SaIS5_EEEC2ERKS7_
FN:806,_ZN9__gnu_cxx17__normal_iteratorIPKSt6vectorIiSaIiEES1_IS3_SaIS3_EEEC2ERKS5_
FNDA:1166,_ZN9__gnu_cxx17__normal_iteratorIPKSt6vectorIiSaIiEES1_IS3_SaIS3_EEEC2ERKS5_
FN:806,_ZN9__gnu_cxx17__normal_iteratorIPSt6vectorIiSaIiEES1_IS3_SaIS3_EEEC2ERKS4_
FNDA:28310,_ZN9__gnu_cxx17__normal_iteratorIPSt6vectorIiSaIiEES1_IS3_SaIS3_EEEC2ERKS4_
FN:806,_ZN9__gnu_cxx17__normal_iteratorIPSt6vectorIS1_IiSaIiEESaIS3_EES1_IS5_SaIS5_EEEC2ERKS6_
FNDA:158,_ZN9__gnu_cxx17__normal_iteratorIPSt6vectorIS1_IiSaIiEESaIS3_EES1_IS5_SaIS5_EEEC2ERKS6_
FN:806,_ZN9__gnu_cxx17__normal_iteratorIPKiSt6vectorIiSaIiEEEC2ERKS2_
FNDA:613946,_ZN9__gnu_cxx17__normal_iteratorIPKiSt6vectorIiSaIiEEEC2ERKS2_
FN:819,_ZNK9__gnu_cxx17__normal_iteratorIPKSt6vectorIiSaIiEES1_IS3_SaIS3_EEEdeEv
FNDA:5821,_ZNK9__gnu_cxx17__normal_iteratorIPKSt6vectorIiSaIiEES1_IS3_SaIS3_EEEdeEv
FN:827,_ZN9__gnu_cxx17__normal_iteratorIPKSt6vectorIiSaIiEES1_IS3_SaIS3_EEEppEv
FNDA:5821,_ZN9__gnu_cxx17__normal_iteratorIPKSt6vectorIiSaIiEES1_IS3_SaIS3_EEEppEv
FN:871,_ZNK9__gnu_cxx17__normal_iteratorIPKSt6vectorIiSaIiEES1_IS3_SaIS3_EEE4baseEv
FNDA:12808,_ZNK9__gnu_cxx17__normal_iteratorIPKSt6vectorIiSaIiEES1_IS3_SaIS3_EEE4baseEv
FN:871,_ZNK9__gnu_cxx17__normal_iteratorIPSt6vectorIS1_IiSaIiEESaIS3_EES1_IS5_SaIS5_EEE4baseEv
FNDA:316,_ZNK9__gnu_cxx17__normal_iteratorIPSt6vectorIS1_IiSaIiEESaIS3_EES1_IS5_SaIS5_EEE4baseEv
FN:871,_ZNK9__gnu_cxx17__normal_iteratorIPKSt6vectorIS1_IiSaIiEESaIS3_EES1_IS5_SaIS5_EEE4baseEv
FNDA:36,_ZNK9__gnu_cxx17__normal_iteratorIPKSt6vectorIS1_IiSaIiEESaIS3_EES1_IS5_SaIS5_EEE4baseEv
FN:871,_ZNK9__gnu_cxx17__normal_iteratorIPSt6vectorIiSaIiEES1_IS3_SaIS3_EEE4baseEv
FNDA:57096,_ZNK9__gnu_cxx17__normal_iteratorIPSt6vectorIiSaIiEES1_IS3_SaIS3_EEE4baseEv
FN:871,_ZNK9__gnu_cxx17__normal_iteratorIPKiSt6vectorIiSaIiEEE4baseEv
FNDA:613946,_ZNK9__gnu_cxx17__normal_iteratorIPKiSt6vectorIiSaIiEEE4baseEv
FN:893,_ZN9__gnu_cxxeqIPKSt6vectorIS1_IiSaIiEESaIS3_EES1_IS5_SaIS5_EEEEbRKNS_17__normal_iteratorIT_T0_EESF_
FNDA:18,_ZN9__gnu_cxxeqIPKSt6vectorIS1_IiSaIiEESaIS3_EES1_IS5_SaIS5_EEEEbRKNS_17__normal_iteratorIT_T0_EESF_
FN:907,_ZN9__gnu_cxxneIPKSt6vectorIiSaIiEES1_IS3_SaIS3_EEEEbRKNS_17__normal_iteratorIT_T0_EESD_
FNDA:6386,_ZN9__gnu_cxxneIPKSt6vectorIiSaIiEES1_IS3_SaIS3_EEEEbRKNS_17__normal_iteratorIT_T0_EESD_
FN:989,_ZN9__gnu_cxxmiIPSt6vectorIS1_IiSaIiEESaIS3_EES1_IS5_SaIS5_EEEENS_17__normal_iteratorIT_T0_E15difference_typeERKSC_SF_
FNDA:79,_ZN9__gnu_cxxmiIPSt6vectorIS1_IiSaIiEESaIS3_EES1_IS5_SaIS5_EEEENS_17__normal_iteratorIT_T0_E15difference_typeERKSC_SF_
FN:989,_ZN9__gnu_cxxmiIPSt6vectorIiSaIiEES1_IS3_SaIS3_EEEENS_17__normal_iteratorIT_T0_E15difference_typeERKSA_SD_
FNDA:14175,_ZN9__gnu_cxxmiIPSt6vectorIiSaIiEES1_IS3_SaIS3_EEEENS_17__normal_iteratorIT_T0_E15difference_typeERKSA_SD_
FN:1010,_ZSt12__niter_baseIPKiSt6vectorIiSaIiEEET_N9__gnu_cxx17__normal_iteratorIS5_T0_EE
FNDA:613946,_ZSt12__niter_baseIPKiSt6vectorIiSaIiEEET_N9__gnu_cxx17__normal_iteratorIS5_T0_EE
FN:1057,_ZNSt13move_iteratorIPSt6vectorIiSaIiEEEC2ES3_
FNDA:0,_ZNSt13move_iteratorIPSt6vectorIiSaIiEEEC2ES3_
FN:1057,_ZNSt13move_iteratorIPSt6vectorIS0_IiSaIiEESaIS2_EEEC2ES5_
FNDA:0,_ZNSt13move_iteratorIPSt6vectorIS0_IiSaIiEESaIS2_EEEC2ES5_
FN:1066,_ZNKSt13move_iteratorIPSt6vectorIS0_IiSaIiEESaIS2_EEE4baseEv
FNDA:0,_ZNKSt13move_iteratorIPSt6vectorIS0_IiSaIiEESaIS2_EEE4baseEv
FN:1066,_ZNKSt13move_iteratorIPSt6vectorIiSaIiEEE4baseEv
FNDA:0,_ZNKSt13move_iteratorIPSt6vectorIiSaIiEEE4baseEv
FN:1070,_ZNKSt13move_iteratorIPSt6vectorIS0_IiSaIiEESaIS2_EEEdeEv
FNDA:0,_ZNKSt13move_iteratorIPSt6vectorIS0_IiSaIiEESaIS2_EEEdeEv
FN:1070,_ZNKSt13move_iteratorIPSt6vectorIiSaIiEEEdeEv
FNDA:0,_ZNKSt13move_iteratorIPSt6vectorIiSaIiEEEdeEv
FN:1078,_ZNSt13move_iteratorIPSt6vectorIS0_IiSaIiEESaIS2_EEEppEv
FNDA:0,_ZNSt13move_iteratorIPSt6vectorIS0_IiSaIiEESaIS2_EEEppEv
FN:1078,_ZNSt13move_iteratorIPSt6vectorIiSaIiEEEppEv
FNDA:0,_ZNSt13move_iteratorIPSt6vectorIiSaIiEEEppEv
FN:1145,_ZSteqIPSt6vectorIS0_IiSaIiEESaIS2_EEEbRKSt13move_iteratorIT_ESA_
FNDA:0,_ZSteqIPSt6vectorIS0_IiSaIiEESaIS2_EEEbRKSt13move_iteratorIT_ESA_
FN:1145,_ZSteqIPSt6vectorIiSaIiEEEbRKSt13move_iteratorIT_ES8_
FNDA:0,_ZSteqIPSt6vectorIiSaIiEEEbRKSt13move_iteratorIT_ES8_
FN:1157,_ZStneIPSt6vectorIS0_IiSaIiEESaIS2_EEEbRKSt13move_iteratorIT_ESA_
FNDA:0,_ZStneIPSt6vectorIS0_IiSaIiEESaIS2_EEEbRKSt13move_iteratorIT_ESA_
FN:1157,_ZStneIPSt6vectorIiSaIiEEEbRKSt13move_iteratorIT_ES8_
FNDA:0,_ZStneIPSt6vectorIiSaIiEEEbRKSt13move_iteratorIT_ES8_
FN:1242,_ZSt32__make_move_if_noexcept_iteratorISt6vectorIiSaIiEESt13move_iteratorIPS2_EET0_PT_
FNDA:0,_ZSt32__make_move_if_noexcept_iteratorISt6vectorIiSaIiEESt13move_iteratorIPS2_EET0_PT_
FN:1242,_ZSt32__make_move_if_noexcept_iteratorISt6vectorIS0_IiSaIiEESaIS2_EESt13move_iteratorIPS4_EET0_PT_
FNDA:0,_ZSt32__make_move_if_noexcept_iteratorISt6vectorIS0_IiSaIiEESaIS2_EESt13move_iteratorIPS4_EET0_PT_
DA:806,613946
DA:807,613946
DA:806,1166
DA:807,1166
DA:806,28310
DA:807,28310
DA:806,36
DA:807,36
DA:806,158
DA:807,158
DA:819,5821
DA:820,5821
DA:827,5821
DA:829,5821
DA:830,5821
DA:871,613946
DA:872,613946
DA:871,12808
DA:872,12808
DA:871,57096
DA:872,57096
DA:871,36
DA:872,36
DA:871,316
DA:872,316
DA:893,18
DA:896,18
DA:907,6386
DA:910,6386
DA:989,14175
DA:992,14175
DA:989,79
DA:992,79
DA:1010,613946
DA:1012,613946
DA:1057,0
DA:1058,0
DA:1057,0
DA:1058,0
DA:1066,0
DA:1067,0
DA:1066,0
DA:1067,0
DA:1070,0
DA:1071,0
DA:1070,0
DA:1071,0
DA:1078,0
DA:1080,0
DA:1081,0
DA:1078,0
DA:1080,0
DA:1081,0
DA:1145,0
DA:1147,0
DA:1145,0
DA:1147,0
DA:1157,0
DA:1159,0
DA:1157,0
DA:1159,0
DA:1242,0
DA:1243,0
DA:1242,0
DA:1243,0
end_of_record
SF:/usr/include/c++/9/initializer_list
FN:71,_ZNKSt16initializer_listIiE4sizeEv
FNDA:28559,_ZNKSt16initializer_listIiE4sizeEv
FN:75,_ZNKSt16initializer_listIiE5beginEv
FNDA:57118,_ZNKSt16initializer_listIiE5beginEv
FN:79,_ZNKSt16initializer_listIiE3endEv
FNDA:28559,_ZNKSt16initializer_listIiE3endEv
DA:71,28559
DA:75,57118
DA:79,28559
end_of_record
SF:/usr/include/c++/9/bits/stl_iterator_base_types.h
FN:205,_ZSt19__iterator_categoryIPKiENSt15iterator_traitsIT_E17iterator_categoryERKS3_
FNDA:28559,_ZSt19__iterator_categoryIPKiENSt15iterator_traitsIT_E17iterator_categoryERKS3_
DA:205,28559
DA:206,28559
end_of_record
SF:/usr/include/c++/9/bits/allocator.h
FN:138,_ZNSaISt6vectorIS_IiSaIiEESaIS1_EEEC2Ev
FNDA:50,_ZNSaISt6vectorIS_IiSaIiEESaIS1_EEEC2Ev
FN:138,_ZNSaISt6vectorIiSaIiEEEC2Ev
FNDA:3691,_ZNSaISt6vectorIiSaIiEEEC2Ev
FN:138,_ZNSaIiEC2Ev
FNDA:28571,_ZNSaIiEC2Ev
FN:141,_ZNSaISt6vectorIS_IiSaIiEESaIS1_EEEC2ERKS4_
FNDA:28,_ZNSaISt6vectorIS_IiSaIiEESaIS1_EEEC2ERKS4_
FN:141,_ZNSaIiEC2ERKS_
FNDA:134916,_ZNSaIiEC2ERKS_
FN:141,_ZNSaISt6vectorIiSaIiEEEC2ERKS2_
FNDA:7309,_ZNSaISt6vectorIiSaIiEEEC2ERKS2_
FN:153,_ZNSaIiED2Ev
FNDA:163487,_ZNSaIiED2Ev
FN:153,_ZNSaISt6vectorIS_IiSaIiEESaIS1_EEED2Ev
FNDA:78,_ZNSaISt6vectorIS_IiSaIiEESaIS1_EEED2Ev
FN:153,_ZNSaISt6vectorIiSaIiEEED2Ev
FNDA:11000,_ZNSaISt6vectorIiSaIiEEED2Ev
DA:138,50
DA:138,3691
DA:138,28571
DA:141,28
DA:142,28
DA:141,134916
DA:142,134916
DA:141,7309
DA:142,7309
DA:153,163487
DA:153,78
DA:153,11000
end_of_record
SF:/usr/include/c++/9/bits/vector.tcc
FN:109,_ZNSt6vectorIS_IiSaIiEESaIS1_EE12emplace_backIJS1_EEEvDpOT_
FNDA:22242,_ZNSt6vectorIS_IiSaIiEESaIS1_EE12emplace_backIJS1_EEEvDpOT_
FN:300,_ZNSt6vectorIiSaIiEE13_M_assign_auxIPKiEEvT_S5_St20forward_iterator_tag
FNDA:14,_ZNSt6vectorIiSaIiEE13_M_assign_auxIPKiEEvT_S5_St20forward_iterator_tag
FN:426,_ZNSt6vectorIS_IiSaIiEESaIS1_EE17_M_realloc_insertIJS1_EEEvN9__gnu_cxx17__normal_iteratorIPS1_S3_EEDpOT_
FNDA:13401,_ZNSt6vectorIS_IiSaIiEESaIS1_EE17_M_realloc_insertIJS1_EEEvN9__gnu_cxx17__normal_iteratorIPS1_S3_EEDpOT_
FN:426,_ZNSt6vectorIS_IS_IiSaIiEESaIS1_EESaIS3_EE17_M_realloc_insertIJRKS3_EEEvN9__gnu_cxx17__normal_iteratorIPS3_S5_EEDpOT_
FNDA:79,_ZNSt6vectorIS_IS_IiSaIiEESaIS1_EESaIS3_EE17_M_realloc_insertIJRKS3_EEEvN9__gnu_cxx17__normal_iteratorIPS3_S5_EEDpOT_
DA:109,22242
DA:112,22242
DA:115,8841
DA:117,8841
DA:121,13401
DA:125,22242
DA:300,14
DA:304,14
DA:306,14
DA:308,0
DA:309,0
DA:310,0
DA:311,0
DA:313,0
DA:314,0
DA:315,0
DA:316,0
DA:317,0
DA:318,0
DA:320,14
DA:321,14
DA:324,0
DA:325,0
DA:326,0
DA:327,0
DA:329,0
DA:330,0
DA:332,0
DA:335,14
DA:426,13401
DA:435,13401
DA:437,13401
DA:438,13401
DA:439,13401
DA:440,13401
DA:441,13401
DA:449,13401
DA:450,13401
DA:456,13401
DA:459,13401
DA:461,13401
DA:462,13401
DA:464,13401
DA:466,13401
DA:467,13401
DA:474,0
DA:475,0
DA:477,0
DA:481,0
DA:482,0
DA:485,0
DA:487,0
DA:488,0
DA:489,0
DA:491,0
DA:492,0
DA:493,0
DA:496,13401
DA:498,0
DA:500,13401
DA:501,13401
DA:502,13401
DA:503,13401
DA:504,13401
DA:505,13401
DA:426,79
DA:435,79
DA:437,79
DA:438,79
DA:439,79
DA:440,79
DA:441,79
DA:449,79
DA:450,79
DA:456,79
DA:459,79
DA:461,79
DA:462,79
DA:464,79
DA:466,79
DA:467,79
DA:474,0
DA:475,0
DA:477,0
DA:481,0
DA:482,0
DA:485,0
DA:487,0
DA:488,0
DA:489,0
DA:491,0
DA:492,0
DA:493,0
DA:496,79
DA:498,0
DA:500,79
DA:501,79
DA:502,79
DA:503,79
DA:504,79
DA:505,79
end_of_record
SF:/usr/include/c++/9/ext/alloc_traits.h
FN:97,_ZN9__gnu_cxx14__alloc_traitsISaIiEiE17_S_select_on_copyERKS1_
FNDA:7759,_ZN9__gnu_cxx14__alloc_traitsISaIiEiE17_S_select_on_copyERKS1_
FN:97,_ZN9__gnu_cxx14__alloc_traitsISaISt6vectorIiSaIiEEES3_E17_S_select_on_copyERKS4_
FNDA:393,_ZN9__gnu_cxx14__alloc_traitsISaISt6vectorIiSaIiEEES3_E17_S_select_on_copyERKS4_
DA:97,7759
DA:98,7759
DA:97,393
DA:98,393
end_of_record
SF:/usr/include/c++/9/bits/alloc_traits.h
FN:443,_ZNSt16allocator_traitsISaISt6vectorIiSaIiEEEE8allocateERS3_m
FNDA:14895,_ZNSt16allocator_traitsISaISt6vectorIiSaIiEEEE8allocateERS3_m
FN:443,_ZNSt16allocator_traitsISaIiEE8allocateERS0_m
FNDA:36367,_ZNSt16allocator_traitsISaIiEE8allocateERS0_m
FN:443,_ZNSt16allocator_traitsISaISt6vectorIS0_IiSaIiEESaIS2_EEEE8allocateERS5_m
FNDA:79,_ZNSt16allocator_traitsISaISt6vectorIS0_IiSaIiEESaIS2_EEEE8allocateERS5_m
FN:469,_ZNSt16allocator_traitsISaISt6vectorIiSaIiEEEE10deallocateERS3_PS2_m
FNDA:14895,_ZNSt16allocator_traitsISaISt6vectorIiSaIiEEEE10deallocateERS3_PS2_m
FN:469,_ZNSt16allocator_traitsISaISt6vectorIS0_IiSaIiEESaIS2_EEEE10deallocateERS5_PS4_m
FNDA:79,_ZNSt16allocator_traitsISaISt6vectorIS0_IiSaIiEESaIS2_EEEE10deallocateERS5_PS4_m
FN:469,_ZNSt16allocator_traitsISaIiEE10deallocateERS0_Pim
FNDA:36367,_ZNSt16allocator_traitsISaIiEE10deallocateERS0_Pim
FN:482,_ZNSt16allocator_traitsISaISt6vectorIS0_IiSaIiEESaIS2_EEEE9constructIS4_JS4_EEEvRS5_PT_DpOT0_
FNDA:99,_ZNSt16allocator_traitsISaISt6vectorIS0_IiSaIiEESaIS2_EEEE9constructIS4_JS4_EEEvRS5_PT_DpOT0_
FN:482,_ZNSt16allocator_traitsISaISt6vectorIS0_IiSaIiEESaIS2_EEEE9constructIS4_JRKS4_EEEvRS5_PT_DpOT0_
FNDA:96,_ZNSt16allocator_traitsISaISt6vectorIS0_IiSaIiEESaIS2_EEEE9constructIS4_JRKS4_EEEvRS5_PT_DpOT0_
FN:482,_ZNSt16allocator_traitsISaISt6vectorIiSaIiEEEE9constructIS2_JS2_EEEvRS3_PT_DpOT0_
FNDA:61656,_ZNSt16allocator_traitsISaISt6vectorIiSaIiEEEE9constructIS2_JS2_EEEvRS3_PT_DpOT0_
FN:495,_ZNSt16allocator_traitsISaISt6vectorIiSaIiEEEE7destroyIS2_EEvRS3_PT_
FNDA:39414,_ZNSt16allocator_traitsISaISt6vectorIiSaIiEEEE7destroyIS2_EEvRS3_PT_
FN:495,_ZNSt16allocator_traitsISaISt6vectorIS0_IiSaIiEESaIS2_EEEE7destroyIS4_EEvRS5_PT_
FNDA:99,_ZNSt16allocator_traitsISaISt6vectorIS0_IiSaIiEESaIS2_EEEE7destroyIS4_EEvRS5_PT_
FN:505,_ZNSt16allocator_traitsISaIiEE8max_sizeERKS0_
FNDA:28669,_ZNSt16allocator_traitsISaIiEE8max_sizeERKS0_
FN:505,_ZNSt16allocator_traitsISaISt6vectorIS0_IiSaIiEESaIS2_EEEE8max_sizeERKS5_
FNDA:158,_ZNSt16allocator_traitsISaISt6vectorIS0_IiSaIiEESaIS2_EEEE8max_sizeERKS5_
FN:505,_ZNSt16allocator_traitsISaISt6vectorIiSaIiEEEE8max_sizeERKS3_
FNDA:28451,_ZNSt16allocator_traitsISaISt6vectorIiSaIiEEEE8max_sizeERKS3_
FN:514,_ZNSt16allocator_traitsISaISt6vectorIiSaIiEEEE37select_on_container_copy_constructionERKS3_
FNDA:393,_ZNSt16allocator_traitsISaISt6vectorIiSaIiEEEE37select_on_container_copy_constructionERKS3_
FN:514,_ZNSt16allocator_traitsISaIiEE37select_on_container_copy_constructionERKS0_
FNDA:7759,_ZNSt16allocator_traitsISaIiEE37select_on_container_copy_constructionERKS0_
FN:545,_ZSt18__do_alloc_on_moveISaISt6vectorIS0_IiSaIiEESaIS2_EEEEvRT_S7_St17integral_constantIbLb1EE
FNDA:14,_ZSt18__do_alloc_on_moveISaISt6vectorIS0_IiSaIiEESaIS2_EEEEvRT_S7_St17integral_constantIbLb1EE
FN:545,_ZSt18__do_alloc_on_moveISaISt6vectorIiSaIiEEEEvRT_S5_St17integral_constantIbLb1EE
FNDA:3068,_ZSt18__do_alloc_on_moveISaISt6vectorIiSaIiEEEEvRT_S5_St17integral_constantIbLb1EE
FN:553,_ZSt15__alloc_on_moveISaISt6vectorIS0_IiSaIiEESaIS2_EEEEvRT_S7_
FNDA:14,_ZSt15__alloc_on_moveISaISt6vectorIS0_IiSaIiEESaIS2_EEEEvRT_S7_
FN:553,_ZSt15__alloc_on_moveISaISt6vectorIiSaIiEEEEvRT_S5_
FNDA:3068,_ZSt15__alloc_on_moveISaISt6vectorIiSaIiEEEEvRT_S5_
DA:443,14895
DA:444,14895
DA:443,79
DA:444,79
DA:443,36367
DA:444,36367
DA:469,36367
DA:470,36367
DA:469,79
DA:470,79
DA:469,14895
DA:470,14895
DA:482,99
DA:484,99
DA:482,61656
DA:484,61656
DA:482,96
DA:484,96
DA:495,39414
DA:497,39414
DA:495,99
DA:497,99
DA:505,28451
DA:506,28451
DA:505,158
DA:506,158
DA:505,28669
DA:506,28669
DA:514,7759
DA:515,7759
DA:514,393
DA:515,393
DA:545,14
DA:546,14
DA:545,3068
DA:546,3068
DA:553,14
DA:557,14
DA:558,14
DA:553,3068
DA:557,3068
DA:558,3068
end_of_record
SF:/usr/include/c++/9/bits/move.h
FN:47,_ZSt11__addressofISt6vectorIS0_IiSaIiEESaIS2_EEEPT_RS5_
FNDA:393,_ZSt11__addressofISt6vectorIS0_IiSaIiEESaIS2_EEEPT_RS5_
FN:47,_ZSt11__addressofISt6vectorIiSaIiEEEPT_RS3_
FNDA:154835,_ZSt11__addressofISt6vectorIiSaIiEEEPT_RS3_
FN:74,_ZSt7forwardIiEOT_RNSt16remove_referenceIS0_E4typeE
FNDA:241,_ZSt7forwardIiEOT_RNSt16remove_referenceIS0_E4typeE
FN:74,_ZSt7forwardIOSt6vectorIS0_IiSaIiEESaIS2_EEEOT_RNSt16remove_referenceIS6_E4typeE
FNDA:61,_ZSt7forwardIOSt6vectorIS0_IiSaIiEESaIS2_EEEOT_RNSt16remove_referenceIS6_E4typeE
FN:74,_ZSt7forwardIRKSt6vectorIS0_IiSaIiEESaIS2_EEEOT_RNSt16remove_referenceIS7_E4typeE
FNDA:271,_ZSt7forwardIRKSt6vectorIS0_IiSaIiEESaIS2_EEEOT_RNSt16remove_referenceIS7_E4typeE
FN:74,_ZSt7forwardISt6vectorIiSaIiEEEOT_RNSt16remove_referenceIS3_E4typeE
FNDA:158955,_ZSt7forwardISt6vectorIiSaIiEEEOT_RNSt16remove_referenceIS3_E4typeE
FN:74,_ZSt7forwardIRKSt6vectorIiSaIiEEEOT_RNSt16remove_referenceIS5_E4typeE
FNDA:9451,_ZSt7forwardIRKSt6vectorIiSaIiEEEOT_RNSt16remove_referenceIS5_E4typeE
FN:74,_ZSt7forwardISt6vectorIS0_IiSaIiEESaIS2_EEEOT_RNSt16remove_referenceIS5_E4typeE
FNDA:202,_ZSt7forwardISt6vectorIS0_IiSaIiEESaIS2_EEEOT_RNSt16remove_referenceIS5_E4typeE
FN:99,_ZSt4moveIRSt11_Tuple_implILm1EJSt6vectorIS1_IiSaIiEESaIS3_EEEEEONSt16remove_referenceIT_E4typeEOS9_
FNDA:4,_ZSt4moveIRSt11_Tuple_implILm1EJSt6vectorIS1_IiSaIiEESaIS3_EEEEEONSt16remove_referenceIT_E4typeEOS9_
FN:99,_ZSt4moveIRSaISt6vectorIiSaIiEEEEONSt16remove_referenceIT_E4typeEOS6_
FNDA:3068,_ZSt4moveIRSaISt6vectorIiSaIiEEEEONSt16remove_referenceIT_E4typeEOS6_
FN:99,_ZSt4moveIRSaISt6vectorIS0_IiSaIiEESaIS2_EEEEONSt16remove_referenceIT_E4typeEOS8_
FNDA:14,_ZSt4moveIRSaISt6vectorIS0_IiSaIiEESaIS2_EEEEONSt16remove_referenceIT_E4typeEOS8_
FN:99,_ZSt4moveIRSt5tupleIJiSt6vectorIS1_IiSaIiEESaIS3_EEEEEONSt16remove_referenceIT_E4typeEOS9_
FNDA:4,_ZSt4moveIRSt5tupleIJiSt6vectorIS1_IiSaIiEESaIS3_EEEEEONSt16remove_referenceIT_E4typeEOS9_
FN:99,_ZSt4moveIRNSt12_Vector_baseISt6vectorIiSaIiEESaIS3_EE12_Vector_implEEONSt16remove_referenceIT_E4typeEOS9_
FNDA:198,_ZSt4moveIRNSt12_Vector_baseISt6vectorIiSaIiEESaIS3_EE12_Vector_implEEONSt16remove_referenceIT_E4typeEOS9_
FN:99,_ZSt4moveIRSt6vectorIiSaIiEEEONSt16remove_referenceIT_E4typeEOS5_
FNDA:62300,_ZSt4moveIRSt6vectorIiSaIiEEEONSt16remove_referenceIT_E4typeEOS5_
FN:99,_ZSt4moveIRSt6vectorIS0_IS0_IiSaIiEESaIS2_EESaIS4_EEEONSt16remove_referenceIT_E4typeEOS9_
FNDA:14,_ZSt4moveIRSt6vectorIS0_IS0_IiSaIiEESaIS2_EESaIS4_EEEONSt16remove_referenceIT_E4typeEOS9_
FN:99,_ZSt4moveIRSt6vectorIS0_IiSaIiEESaIS2_EEEONSt16remove_referenceIT_E4typeEOS7_
FNDA:3167,_ZSt4moveIRSt6vectorIS0_IiSaIiEESaIS2_EEEONSt16remove_referenceIT_E4typeEOS7_
FN:99,_ZSt4moveIRNSt12_Vector_baseIiSaIiEE12_Vector_implEEONSt16remove_referenceIT_E4typeEOS6_
FNDA:123696,_ZSt4moveIRNSt12_Vector_baseIiSaIiEE12_Vector_implEEONSt16remove_referenceIT_E4typeEOS6_
DA:47,393
DA:48,393
DA:47,154835
DA:48,154835
DA:74,9451
DA:75,9451
DA:74,202
DA:75,202
DA:74,241
DA:75,241
DA:74,158955
DA:75,158955
DA:74,271
DA:75,271
DA:74,61
DA:75,61
DA:99,123696
DA:100,123696
DA:99,14
DA:100,14
DA:99,3068
DA:100,3068
DA:99,4
DA:100,4
DA:99,4
DA:100,4
DA:99,198
DA:100,198
DA:99,62300
DA:100,62300
DA:99,14
DA:100,14
DA:99,3167
DA:100,3167
end_of_record
SF:/usr/include/c++/9/bits/stl_iterator_base_funcs.h
FN:98,_ZSt10__distanceIPKiENSt15iterator_traitsIT_E15difference_typeES3_S3_St26random_access_iterator_tag
FNDA:28559,_ZSt10__distanceIPKiENSt15iterator_traitsIT_E15difference_typeES3_S3_St26random_access_iterator_tag
FN:138,_ZSt8distanceIPKiENSt15iterator_traitsIT_E15difference_typeES3_S3_
FNDA:28559,_ZSt8distanceIPKiENSt15iterator_traitsIT_E15difference_typeES3_S3_
FN:174,_ZSt9__advanceIPKilEvRT_T0_St26random_access_iterator_tag
FNDA:0,_ZSt9__advanceIPKilEvRT_T0_St26random_access_iterator_tag
FN:202,_ZSt7advanceIPKimEvRT_T0_
FNDA:0,_ZSt7advanceIPKimEvRT_T0_
DA:98,28559
DA:104,28559
DA:138,28559
DA:141,28559
DA:142,57118
DA:174,0
DA:185,0
DA:186,0
DA:202,0
DA:205,0
DA:206,0
DA:207,0
end_of_record
TN:
SF:/home/pato/TPIMorfMat/template-alumnos/tests/ej2TEST.cpp
FN:4,_ZN68sonPixelesConectadosTest_PixelesEnDiagonalNoEstanConectadosAdy4_TestC2Ev
FNDA:1,_ZN68sonPixelesConectadosTest_PixelesEnDiagonalNoEstanConectadosAdy4_TestC2Ev
FN:4,_ZN68sonPixelesConectadosTest_PixelesEnDiagonalNoEstanConectadosAdy4_Test8TestBodyEv
FNDA:1,_ZN68sonPixelesConectadosTest_PixelesEnDiagonalNoEstanConectadosAdy4_Test8TestBodyEv
FN:14,_ZN68sonPixelesConectadosTest_PixelesEnHorizontalEstanConectadosAdy4_TestC2Ev
FNDA:1,_ZN68sonPixelesConectadosTest_PixelesEnHorizontalEstanConectadosAdy4_TestC2Ev
FN:14,_ZN68sonPixelesConectadosTest_PixelesEnHorizontalEstanConectadosAdy4_Test8TestBodyEv
FNDA:1,_ZN68sonPixelesConectadosTest_PixelesEnHorizontalEstanConectadosAdy4_Test8TestBodyEv
FN:21,_ZN79sonPixelesConectadosTest_PixelesEnHorizontalSeparadosNoEstanConectadosAdy4_TestC2Ev
FNDA:1,_ZN79sonPixelesConectadosTest_PixelesEnHorizontalSeparadosNoEstanConectadosAdy4_TestC2Ev
FN:21,_ZN79sonPixelesConectadosTest_PixelesEnHorizontalSeparadosNoEstanConectadosAdy4_Test8TestBodyEv
FNDA:1,_ZN79sonPixelesConectadosTest_PixelesEnHorizontalSeparadosNoEstanConectadosAdy4_Test8TestBodyEv
FN:28,_ZN77sonPixelesConectadosTest_PixelesEnVerticalSeparadosNoEstanConectadosAdy4_Test8TestBodyEv
FNDA:1,_ZN77sonPixelesConectadosTest_PixelesEnVerticalSeparadosNoEstanConectadosAdy4_Test8TestBodyEv
FN:28,_ZN77sonPixelesConectadosTest_PixelesEnVerticalSeparadosNoEstanConectadosAdy4_TestC2Ev
FNDA:1,_ZN77sonPixelesConectadosTest_PixelesEnVerticalSeparadosNoEstanConectadosAdy4_TestC2Ev
FN:35,_ZN86sonPixelesConectadosTest_PixelesEnHorizontalAlRevesSeparadosNoEstanConectadosAdy4_TestC2Ev
FNDA:1,_ZN86sonPixelesConectadosTest_PixelesEnHorizontalAlRevesSeparadosNoEstanConectadosAdy4_TestC2Ev
FN:35,_ZN86sonPixelesConectadosTest_PixelesEnHorizontalAlRevesSeparadosNoEstanConectadosAdy4_Test8TestBodyEv
FNDA:1,_ZN86sonPixelesConectadosTest_PixelesEnHorizontalAlRevesSeparadosNoEstanConectadosAdy4_Test8TestBodyEv
FN:42,_ZN84sonPixelesConectadosTest_PixelesEnVerticalAlRevesSeparadosNoEstanConectadosAdy4_TestC2Ev
FNDA:1,_ZN84sonPixelesConectadosTest_PixelesEnVerticalAlRevesSeparadosNoEstanConectadosAdy4_TestC2Ev
FN:42,_ZN84sonPixelesConectadosTest_PixelesEnVerticalAlRevesSeparadosNoEstanConectadosAdy4_Test8TestBodyEv
FNDA:1,_ZN84sonPixelesConectadosTest_PixelesEnVerticalAlRevesSeparadosNoEstanConectadosAdy4_Test8TestBodyEv
FN:49,_ZN69sonPixelesConectadosTest_PixelesConectadosPorUnPixelVerticalAdy4_TestC2Ev
FNDA:1,_ZN69sonPixelesConectadosTest_PixelesConectadosPorUnPixelVerticalAdy4_TestC2Ev
FN:49,_ZN69sonPixelesConectadosTest_PixelesConectadosPorUnPixelVerticalAdy4_Test8TestBodyEv
FNDA:1,_ZN69sonPixelesConectadosTest_PixelesConectadosPorUnPixelVerticalAdy4_Test8TestBodyEv
FN:56,_ZN77sonPixelesConectadosTest_PixelesConectadosPorMuchosPixelesVerticalesAdy4_TestC2Ev
FNDA:1,_ZN77sonPixelesConectadosTest_PixelesConectadosPorMuchosPixelesVerticalesAdy4_TestC2Ev
FN:56,_ZN77sonPixelesConectadosTest_PixelesConectadosPorMuchosPixelesVerticalesAdy4_Test8TestBodyEv
FNDA:1,_ZN77sonPixelesConectadosTest_PixelesConectadosPorMuchosPixelesVerticalesAdy4_Test8TestBodyEv
FN:63,_ZN81sonPixelesConectadosTest_PixelesConectadosPorMuchosPixelesParaTodosLadosAdy4_TestC2Ev
FNDA:1,_ZN81sonPixelesConectadosTest_PixelesConectadosPorMuchosPixelesParaTodosLadosAdy4_TestC2Ev
FN:63,_ZN81sonPixelesConectadosTest_PixelesConectadosPorMuchosPixelesParaTodosLadosAdy4_Test8TestBodyEv
FNDA:1,_ZN81sonPixelesConectadosTest_PixelesConectadosPorMuchosPixelesParaTodosLadosAdy4_Test8TestBodyEv
FN:76,_ZN66sonPixelesConectadosTest_PixelesEnDiagonalEstanConectadosAdy8_TestC2Ev
FNDA:1,_ZN66sonPixelesConectadosTest_PixelesEnDiagonalEstanConectadosAdy8_TestC2Ev
FN:76,_ZN66sonPixelesConectadosTest_PixelesEnDiagonalEstanConectadosAdy8_Test8TestBodyEv
FNDA:1,_ZN66sonPixelesConectadosTest_PixelesEnDiagonalEstanConectadosAdy8_Test8TestBodyEv
FN:86,_ZN67sonPixelesConectadosTest_PixelesSeparadosNoEstanConectadosAdy8_TestC2Ev
FNDA:1,_ZN67sonPixelesConectadosTest_PixelesSeparadosNoEstanConectadosAdy8_TestC2Ev
FN:86,_ZN67sonPixelesConectadosTest_PixelesSeparadosNoEstanConectadosAdy8_Test8TestBodyEv
FNDA:1,_ZN67sonPixelesConectadosTest_PixelesSeparadosNoEstanConectadosAdy8_Test8TestBodyEv
FN:97,_ZN62sonPixelesConectadosTest_PixelesEnAdy4EstanConectadosAdy8_TestC2Ev
FNDA:1,_ZN62sonPixelesConectadosTest_PixelesEnAdy4EstanConectadosAdy8_TestC2Ev
FN:97,_ZN62sonPixelesConectadosTest_PixelesEnAdy4EstanConectadosAdy8_Test8TestBodyEv
FNDA:1,_ZN62sonPixelesConectadosTest_PixelesEnAdy4EstanConectadosAdy8_Test8TestBodyEv
FN:106,_ZN68sonPixelesConectadosTest_PixelesEnCaminoAdy4EstanConectadosAdy8_TestC2Ev
FNDA:1,_ZN68sonPixelesConectadosTest_PixelesEnCaminoAdy4EstanConectadosAdy8_TestC2Ev
FN:106,_ZN68sonPixelesConectadosTest_PixelesEnCaminoAdy4EstanConectadosAdy8_Test8TestBodyEv
FNDA:1,_ZN68sonPixelesConectadosTest_PixelesEnCaminoAdy4EstanConectadosAdy8_Test8TestBodyEv
FN:117,_ZN68sonPixelesConectadosTest_PixelesEnCaminoAdy8EstanConectadosAdy8_TestC2Ev
FNDA:1,_ZN68sonPixelesConectadosTest_PixelesEnCaminoAdy8EstanConectadosAdy8_TestC2Ev
FN:117,_ZN68sonPixelesConectadosTest_PixelesEnCaminoAdy8EstanConectadosAdy8_Test8TestBodyEv
FNDA:1,_ZN68sonPixelesConectadosTest_PixelesEnCaminoAdy8EstanConectadosAdy8_Test8TestBodyEv
FN:128,_ZN73sonPixelesConectadosTest_PixelesEnCaminoLargoAdy8EstanConectadosAdy8_TestC2Ev
FNDA:1,_ZN73sonPixelesConectadosTest_PixelesEnCaminoLargoAdy8EstanConectadosAdy8_TestC2Ev
FN:128,_ZN73sonPixelesConectadosTest_PixelesEnCaminoLargoAdy8EstanConectadosAdy8_Test8TestBodyEv
FNDA:1,_ZN73sonPixelesConectadosTest_PixelesEnCaminoLargoAdy8EstanConectadosAdy8_Test8TestBodyEv
FN:141,_ZN75sonPixelesConectadosTest_PixelesEnCaminoLargoAdy8NoEstanConectadosAdy4_TestC2Ev
FNDA:1,_ZN75sonPixelesConectadosTest_PixelesEnCaminoLargoAdy8NoEstanConectadosAdy4_TestC2Ev
FN:141,_ZN75sonPixelesConectadosTest_PixelesEnCaminoLargoAdy8NoEstanConectadosAdy4_Test8TestBodyEv
FNDA:1,_ZN75sonPixelesConectadosTest_PixelesEnCaminoLargoAdy8NoEstanConectadosAdy4_Test8TestBodyEv
FN:154,_ZN73sonPixelesConectadosTest_PixelesEnCaminoLargoAdy4EstanConectadosAdy4_Test8TestBodyEv
FNDA:1,_ZN73sonPixelesConectadosTest_PixelesEnCaminoLargoAdy4EstanConectadosAdy4_Test8TestBodyEv
FN:154,_ZN73sonPixelesConectadosTest_PixelesEnCaminoLargoAdy4EstanConectadosAdy4_TestC2Ev
FNDA:1,_ZN73sonPixelesConectadosTest_PixelesEnCaminoLargoAdy4EstanConectadosAdy4_TestC2Ev
DA:4,1
DA:8,6
DA:9,2
DA:10,2
DA:11,1
DA:12,1
DA:4,1
DA:14,1
DA:15,5
DA:16,2
DA:17,2
DA:18,1
DA:19,1
DA:14,1
DA:21,1
DA:22,5
DA:23,2
DA:24,2
DA:25,1
DA:26,1
DA:21,1
DA:28,1
DA:29,7
DA:30,2
DA:31,2
DA:32,1
DA:33,1
DA:28,1
DA:35,1
DA:36,5
DA:37,2
DA:38,2
DA:39,1
DA:40,1
DA:35,1
DA:42,1
DA:43,7
DA:44,2
DA:45,2
DA:46,1
DA:47,1
DA:42,1
DA:49,1
DA:50,7
DA:51,2
DA:52,2
DA:53,1
DA:54,1
DA:49,1
DA:56,1
DA:57,9
DA:58,2
DA:59,2
DA:60,1
DA:61,1
DA:56,1
DA:63,1
DA:70,9
DA:71,2
DA:72,2
DA:73,1
DA:74,1
DA:63,1
DA:76,1
DA:80,6
DA:81,2
DA:82,2
DA:83,1
DA:84,1
DA:76,1
DA:86,1
DA:91,7
DA:92,2
DA:93,2
DA:94,1
DA:95,1
DA:86,1
DA:97,1
DA:100,5
DA:101,2
DA:102,2
DA:103,1
DA:104,1
DA:97,1
DA:106,1
DA:111,7
DA:112,2
DA:113,2
DA:114,1
DA:115,1
DA:106,1
DA:117,1
DA:122,7
DA:123,2
DA:124,2
DA:125,1
DA:126,1
DA:117,1
DA:128,1
DA:135,9
DA:136,2
DA:137,2
DA:138,1
DA:139,1
DA:128,1
DA:141,1
DA:148,9
DA:149,2
DA:150,2
DA:151,1
DA:152,1
DA:141,1
DA:154,1
DA:161,9
DA:162,2
DA:163,2
DA:164,1
DA:165,1
DA:154,1
end_of_record
SF:/usr/include/c++/9/bits/stl_uninitialized.h
FN:76,_ZNSt20__uninitialized_copyILb0EE13__uninit_copyIPKSt6vectorIiSaIiEEPS4_EET0_T_S9_S8_
FNDA:0,_ZNSt20__uninitialized_copyILb0EE13__uninit_copyIPKSt6vectorIiSaIiEEPS4_EET0_T_S9_S8_
FN:99,_ZNSt20__uninitialized_copyILb1EE13__uninit_copyIN9__gnu_cxx17__normal_iteratorIPKiSt6vectorIiSaIiEEEEPiEET0_T_SC_SB_
FNDA:0,_ZNSt20__uninitialized_copyILb1EE13__uninit_copyIN9__gnu_cxx17__normal_iteratorIPKiSt6vectorIiSaIiEEEEPiEET0_T_SC_SB_
FN:99,_ZNSt20__uninitialized_copyILb1EE13__uninit_copyIPKiPiEET0_T_S6_S5_
FNDA:0,_ZNSt20__uninitialized_copyILb1EE13__uninit_copyIPKiPiEET0_T_S6_S5_
FN:115,_ZSt18uninitialized_copyIN9__gnu_cxx17__normal_iteratorIPKiSt6vectorIiSaIiEEEEPiET0_T_SA_S9_
FNDA:0,_ZSt18uninitialized_copyIN9__gnu_cxx17__normal_iteratorIPKiSt6vectorIiSaIiEEEEPiET0_T_SA_S9_
FN:115,_ZSt18uninitialized_copyIPKSt6vectorIiSaIiEEPS2_ET0_T_S7_S6_
FNDA:0,_ZSt18uninitialized_copyIPKSt6vectorIiSaIiEEPS2_ET0_T_S7_S6_
FN:115,_ZSt18uninitialized_copyIPKiPiET0_T_S4_S3_
FNDA:0,_ZSt18uninitialized_copyIPKiPiET0_T_S4_S3_
FN:287,_ZSt22__uninitialized_copy_aIN9__gnu_cxx17__normal_iteratorIPKiSt6vectorIiSaIiEEEEPiiET0_T_SA_S9_RSaIT1_E
FNDA:0,_ZSt22__uninitialized_copy_aIN9__gnu_cxx17__normal_iteratorIPKiSt6vectorIiSaIiEEEEPiiET0_T_SA_S9_RSaIT1_E
FN:287,_ZSt22__uninitialized_copy_aIPKSt6vectorIiSaIiEEPS2_S2_ET0_T_S7_S6_RSaIT1_E
FNDA:0,_ZSt22__uninitialized_copy_aIPKSt6vectorIiSaIiEEPS2_S2_ET0_T_S7_S6_RSaIT1_E
FN:287,_ZSt22__uninitialized_copy_aIPKiPiiET0_T_S4_S3_RSaIT1_E
FNDA:0,_ZSt22__uninitialized_copy_aIPKiPiiET0_T_S4_S3_RSaIT1_E
DA:76,0
DA:79,0
DA:82,0
DA:83,0
DA:84,0
DA:86,0
DA:88,0
DA:89,0
DA:99,0
DA:101,0
DA:99,0
DA:101,0
DA:115,0
DA:128,0
DA:134,0
DA:115,0
DA:128,0
DA:134,0
DA:115,0
DA:128,0
DA:134,0
DA:287,0
DA:289,0
DA:287,0
DA:289,0
DA:287,0
DA:289,0
end_of_record
SF:/usr/include/c++/9/new
FN:173,_ZnwmPv
FNDA:0,_ZnwmPv
FN:179,_ZdlPvS_
FNDA:0,_ZdlPvS_
DA:173,0
DA:174,0
DA:179,0
end_of_record
SF:/usr/include/c++/9/iostream
end_of_record
SF:/usr/include/c++/9/bits/stl_construct.h
FN:74,_ZSt10_ConstructISt6vectorIiSaIiEEJRKS2_EEvPT_DpOT0_
FNDA:0,_ZSt10_ConstructISt6vectorIiSaIiEEJRKS2_EEvPT_DpOT0_
FN:97,_ZSt8_DestroyISt6vectorIiSaIiEEEvPT_
FNDA:0,_ZSt8_DestroyISt6vectorIiSaIiEEEvPT_
FN:105,_ZNSt12_Destroy_auxILb0EE9__destroyIPSt6vectorIiSaIiEEEEvT_S6_
FNDA:0,_ZNSt12_Destroy_auxILb0EE9__destroyIPSt6vectorIiSaIiEEEEvT_S6_
FN:117,_ZNSt12_Destroy_auxILb1EE9__destroyIPiEEvT_S3_
FNDA:0,_ZNSt12_Destroy_auxILb1EE9__destroyIPiEEvT_S3_
FN:127,_ZSt8_DestroyIPSt6vectorIiSaIiEEEvT_S4_
FNDA:0,_ZSt8_DestroyIPSt6vectorIiSaIiEEEvT_S4_
FN:127,_ZSt8_DestroyIPiEvT_S1_
FNDA:0,_ZSt8_DestroyIPiEvT_S1_
FN:203,_ZSt8_DestroyIPSt6vectorIiSaIiEES2_EvT_S4_RSaIT0_E
FNDA:0,_ZSt8_DestroyIPSt6vectorIiSaIiEES2_EvT_S4_RSaIT0_E
FN:203,_ZSt8_DestroyIPiiEvT_S1_RSaIT0_E
FNDA:0,_ZSt8_DestroyIPiiEvT_S1_RSaIT0_E
DA:74,0
DA:75,0
DA:97,0
DA:98,0
DA:105,0
DA:107,0
DA:108,0
DA:109,0
DA:117,0
DA:127,0
DA:137,0
DA:138,0
DA:127,0
DA:137,0
DA:138,0
DA:203,0
DA:206,0
DA:207,0
DA:203,0
DA:206,0
DA:207,0
end_of_record
SF:/usr/include/c++/9/ext/new_allocator.h
FN:80,_ZN9__gnu_cxx13new_allocatorISt6vectorIiSaIiEEEC2Ev
FNDA:0,_ZN9__gnu_cxx13new_allocatorISt6vectorIiSaIiEEEC2Ev
FN:80,_ZN9__gnu_cxx13new_allocatorIiEC2Ev
FNDA:0,_ZN9__gnu_cxx13new_allocatorIiEC2Ev
FN:80,_ZN9__gnu_cxx13new_allocatorIcEC2Ev
FNDA:0,_ZN9__gnu_cxx13new_allocatorIcEC2Ev
FN:83,_ZN9__gnu_cxx13new_allocatorISt6vectorIiSaIiEEEC2ERKS4_
FNDA:0,_ZN9__gnu_cxx13new_allocatorISt6vectorIiSaIiEEEC2ERKS4_
FN:83,_ZN9__gnu_cxx13new_allocatorIiEC2ERKS1_
FNDA:0,_ZN9__gnu_cxx13new_allocatorIiEC2ERKS1_
FN:83,_ZN9__gnu_cxx13new_allocatorIcEC2ERKS1_
FNDA:0,_ZN9__gnu_cxx13new_allocatorIcEC2ERKS1_
FN:89,_ZN9__gnu_cxx13new_allocatorISt6vectorIiSaIiEEED2Ev
FNDA:0,_ZN9__gnu_cxx13new_allocatorISt6vectorIiSaIiEEED2Ev
FN:89,_ZN9__gnu_cxx13new_allocatorIiED2Ev
FNDA:0,_ZN9__gnu_cxx13new_allocatorIiED2Ev
FN:89,_ZN9__gnu_cxx13new_allocatorIcED2Ev
FNDA:0,_ZN9__gnu_cxx13new_allocatorIcED2Ev
FN:102,_ZN9__gnu_cxx13new_allocatorISt6vectorIiSaIiEEE8allocateEmPKv
FNDA:0,_ZN9__gnu_cxx13new_allocatorISt6vectorIiSaIiEEE8allocateEmPKv
FN:102,_ZN9__gnu_cxx13new_allocatorIiE8allocateEmPKv
FNDA:0,_ZN9__gnu_cxx13new_allocatorIiE8allocateEmPKv
FN:119,_ZN9__gnu_cxx13new_allocatorISt6vectorIiSaIiEEE10deallocateEPS3_m
FNDA:0,_ZN9__gnu_cxx13new_allocatorISt6vectorIiSaIiEEE10deallocateEPS3_m
FN:119,_ZN9__gnu_cxx13new_allocatorIiE10deallocateEPim
FNDA:0,_ZN9__gnu_cxx13new_allocatorIiE10deallocateEPim
FN:132,_ZNK9__gnu_cxx13new_allocatorISt6vectorIiSaIiEEE8max_sizeEv
FNDA:0,_ZNK9__gnu_cxx13new_allocatorISt6vectorIiSaIiEEE8max_sizeEv
FN:132,_ZNK9__gnu_cxx13new_allocatorIiE8max_sizeEv
FNDA:0,_ZNK9__gnu_cxx13new_allocatorIiE8max_sizeEv
DA:80,0
DA:80,0
DA:80,0
DA:83,0
DA:83,0
DA:83,0
DA:89,0
DA:89,0
DA:89,0
DA:102,0
DA:104,0
DA:105,0
DA:114,0
DA:102,0
DA:104,0
DA:105,0
DA:114,0
DA:119,0
DA:128,0
DA:129,0
DA:119,0
DA:128,0
DA:129,0
DA:132,0
DA:135,0
DA:132,0
DA:135,0
end_of_record
SF:/usr/include/c++/9/bits/stl_algobase.h
FN:198,_ZSt3minImERKT_S2_S2_
FNDA:0,_ZSt3minImERKT_S2_S2_
FN:280,_ZSt12__niter_baseIPiET_S1_
FNDA:0,_ZSt12__niter_baseIPiET_S1_
FN:280,_ZSt12__niter_baseIPKiET_S2_
FNDA:0,_ZSt12__niter_baseIPKiET_S2_
FN:295,_ZSt12__niter_wrapIPiET_RKS1_S1_
FNDA:0,_ZSt12__niter_wrapIPiET_RKS1_S1_
FN:375,_ZNSt11__copy_moveILb0ELb1ESt26random_access_iterator_tagE8__copy_mIiEEPT_PKS3_S6_S4_
FNDA:0,_ZNSt11__copy_moveILb0ELb1ESt26random_access_iterator_tagE8__copy_mIiEEPT_PKS3_S6_S4_
FN:393,_ZSt13__copy_move_aILb0EPKiPiET1_T0_S4_S3_
FNDA:0,_ZSt13__copy_move_aILb0EPKiPiET1_T0_S4_S3_
FN:438,_ZSt14__copy_move_a2ILb0EN9__gnu_cxx17__normal_iteratorIPKiSt6vectorIiSaIiEEEEPiET1_T0_SA_S9_
FNDA:0,_ZSt14__copy_move_a2ILb0EN9__gnu_cxx17__normal_iteratorIPKiSt6vectorIiSaIiEEEEPiET1_T0_SA_S9_
FN:438,_ZSt14__copy_move_a2ILb0EPKiPiET1_T0_S4_S3_
FNDA:0,_ZSt14__copy_move_a2ILb0EPKiPiET1_T0_S4_S3_
FN:465,_ZSt4copyIN9__gnu_cxx17__normal_iteratorIPKiSt6vectorIiSaIiEEEEPiET0_T_SA_S9_
FNDA:0,_ZSt4copyIN9__gnu_cxx17__normal_iteratorIPKiSt6vectorIiSaIiEEEEPiET0_T_SA_S9_
FN:465,_ZSt4copyIPKiPiET0_T_S4_S3_
FNDA:0,_ZSt4copyIPKiPiET0_T_S4_S3_
DA:198,0
DA:203,0
DA:204,0
DA:205,0
DA:280,0
DA:282,0
DA:280,0
DA:282,0
DA:295,0
DA:296,0
DA:375,0
DA:384,0
DA:385,0
DA:386,0
DA:387,0
DA:393,0
DA:398,0
DA:404,0
DA:438,0
DA:440,0
DA:443,0
DA:438,0
DA:440,0
DA:443,0
DA:465,0
DA:474,0
DA:465,0
DA:474,0
end_of_record
SF:/usr/include/c++/9/bits/cpp_type_traits.h
FN:428,_ZSt12__miter_baseIN9__gnu_cxx17__normal_iteratorIPKiSt6vectorIiSaIiEEEEET_S8_
FNDA:0,_ZSt12__miter_baseIN9__gnu_cxx17__normal_iteratorIPKiSt6vectorIiSaIiEEEEET_S8_
FN:428,_ZSt12__miter_baseIPKiET_S2_
FNDA:0,_ZSt12__miter_baseIPKiET_S2_
DA:428,0
DA:429,0
DA:428,0
DA:429,0
end_of_record
SF:/usr/include/c++/9/ext/alloc_traits.h
FN:97,_ZN9__gnu_cxx14__alloc_traitsISaIiEiE17_S_select_on_copyERKS1_
FNDA:0,_ZN9__gnu_cxx14__alloc_traitsISaIiEiE17_S_select_on_copyERKS1_
FN:97,_ZN9__gnu_cxx14__alloc_traitsISaIcEcE17_S_select_on_copyERKS1_
FNDA:0,_ZN9__gnu_cxx14__alloc_traitsISaIcEcE17_S_select_on_copyERKS1_
DA:97,0
DA:98,0
DA:97,0
DA:98,0
end_of_record
SF:/usr/include/c++/9/bits/basic_string.h
FN:243,_ZNSt7__cxx1112basic_stringIcSt11char_traitsIcESaIcEE16_M_construct_auxIPcEEvT_S7_St12__false_type
FNDA:0,_ZNSt7__cxx1112basic_stringIcSt11char_traitsIcESaIcEE16_M_construct_auxIPcEEvT_S7_St12__false_type
FN:243,_ZNSt7__cxx1112basic_stringIcSt11char_traitsIcESaIcEE16_M_construct_auxIPKcEEvT_S8_St12__false_type
FNDA:0,_ZNSt7__cxx1112basic_stringIcSt11char_traitsIcESaIcEE16_M_construct_auxIPKcEEvT_S8_St12__false_type
FN:263,_ZNSt7__cxx1112basic_stringIcSt11char_traitsIcESaIcEE12_M_constructIPcEEvT_S7_
FNDA:0,_ZNSt7__cxx1112basic_stringIcSt11char_traitsIcESaIcEE12_M_constructIPcEEvT_S7_
FN:263,_ZNSt7__cxx1112basic_stringIcSt11char_traitsIcESaIcEE12_M_constructIPKcEEvT_S8_
FNDA:0,_ZNSt7__cxx1112basic_stringIcSt11char_traitsIcESaIcEE12_M_constructIPKcEEvT_S8_
DA:243,0
DA:247,0
DA:248,0
DA:243,0
DA:247,0
DA:248,0
DA:263,0
DA:266,0
DA:267,0
DA:263,0
DA:266,0
DA:267,0
end_of_record
SF:/usr/include/c++/9/bits/stl_iterator_base_types.h
FN:205,_ZSt19__iterator_categoryIPcENSt15iterator_traitsIT_E17iterator_categoryERKS2_
FNDA:0,_ZSt19__iterator_categoryIPcENSt15iterator_traitsIT_E17iterator_categoryERKS2_
FN:205,_ZSt19__iterator_categoryIPKcENSt15iterator_traitsIT_E17iterator_categoryERKS3_
FNDA:0,_ZSt19__iterator_categoryIPKcENSt15iterator_traitsIT_E17iterator_categoryERKS3_
FN:205,_ZSt19__iterator_categoryIPKSt6vectorIiSaIiEEENSt15iterator_traitsIT_E17iterator_categoryERKS6_
FNDA:0,_ZSt19__iterator_categoryIPKSt6vectorIiSaIiEEENSt15iterator_traitsIT_E17iterator_categoryERKS6_
FN:205,_ZSt19__iterator_categoryIPKiENSt15iterator_traitsIT_E17iterator_categoryERKS3_
FNDA:0,_ZSt19__iterator_categoryIPKiENSt15iterator_traitsIT_E17iterator_categoryERKS3_
DA:205,0
DA:206,0
DA:205,0
DA:206,0
DA:205,0
DA:206,0
DA:205,0
DA:206,0
end_of_record
SF:/home/pato/TPIMorfMat/template-alumnos/lib/googletest-master/googletest/include/gtest/internal/gtest-internal.h
FN:448,_ZN7testing8internal15TestFactoryBaseD2Ev
FNDA:0,_ZN7testing8internal15TestFactoryBaseD2Ev
FN:448,_ZN7testing8internal15TestFactoryBaseD0Ev
FNDA:0,_ZN7testing8internal15TestFactoryBaseD0Ev
FN:455,_ZN7testing8internal15TestFactoryBaseC2Ev
FNDA:0,_ZN7testing8internal15TestFactoryBaseC2Ev
FN:466,_ZN7testing8internal15TestFactoryImplI67sonPixelesConectadosTest_PixelesSeparadosNoEstanConectadosAdy8_TestE10CreateTestEv
FNDA:1,_ZN7testing8internal15TestFactoryImplI67sonPixelesConectadosTest_PixelesSeparadosNoEstanConectadosAdy8_TestE10CreateTestEv
FN:466,_ZN7testing8internal15TestFactoryImplI73sonPixelesConectadosTest_PixelesEnCaminoLargoAdy4EstanConectadosAdy4_TestE10CreateTestEv
FNDA:1,_ZN7testing8internal15TestFactoryImplI73sonPixelesConectadosTest_PixelesEnCaminoLargoAdy4EstanConectadosAdy4_TestE10CreateTestEv
FN:466,_ZN7testing8internal15TestFactoryImplI75sonPixelesConectadosTest_PixelesEnCaminoLargoAdy8NoEstanConectadosAdy4_TestE10CreateTestEv
FNDA:1,_ZN7testing8internal15TestFactoryImplI75sonPixelesConectadosTest_PixelesEnCaminoLargoAdy8NoEstanConectadosAdy4_TestE10CreateTestEv
FN:466,_ZN7testing8internal15TestFactoryImplI73sonPixelesConectadosTest_PixelesEnCaminoLargoAdy8EstanConectadosAdy8_TestE10CreateTestEv
FNDA:1,_ZN7testing8internal15TestFactoryImplI73sonPixelesConectadosTest_PixelesEnCaminoLargoAdy8EstanConectadosAdy8_TestE10CreateTestEv
FN:466,_ZN7testing8internal15TestFactoryImplI68sonPixelesConectadosTest_PixelesEnCaminoAdy8EstanConectadosAdy8_TestE10CreateTestEv
FNDA:1,_ZN7testing8internal15TestFactoryImplI68sonPixelesConectadosTest_PixelesEnCaminoAdy8EstanConectadosAdy8_TestE10CreateTestEv
FN:466,_ZN7testing8internal15TestFactoryImplI68sonPixelesConectadosTest_PixelesEnCaminoAdy4EstanConectadosAdy8_TestE10CreateTestEv
FNDA:1,_ZN7testing8internal15TestFactoryImplI68sonPixelesConectadosTest_PixelesEnCaminoAdy4EstanConectadosAdy8_TestE10CreateTestEv
FN:466,_ZN7testing8internal15TestFactoryImplI62sonPixelesConectadosTest_PixelesEnAdy4EstanConectadosAdy8_TestE10CreateTestEv
FNDA:1,_ZN7testing8internal15TestFactoryImplI62sonPixelesConectadosTest_PixelesEnAdy4EstanConectadosAdy8_TestE10CreateTestEv
FN:466,_ZN7testing8internal15TestFactoryImplI68sonPixelesConectadosTest_PixelesEnDiagonalNoEstanConectadosAdy4_TestE10CreateTestEv
FNDA:1,_ZN7testing8internal15TestFactoryImplI68sonPixelesConectadosTest_PixelesEnDiagonalNoEstanConectadosAdy4_TestE10CreateTestEv
FN:466,_ZN7testing8internal15TestFactoryImplI66sonPixelesConectadosTest_PixelesEnDiagonalEstanConectadosAdy8_TestE10CreateTestEv
FNDA:1,_ZN7testing8internal15TestFactoryImplI66sonPixelesConectadosTest_PixelesEnDiagonalEstanConectadosAdy8_TestE10CreateTestEv
FN:466,_ZN7testing8internal15TestFactoryImplI81sonPixelesConectadosTest_PixelesConectadosPorMuchosPixelesParaTodosLadosAdy4_TestE10CreateTestEv
FNDA:1,_ZN7testing8internal15TestFactoryImplI81sonPixelesConectadosTest_PixelesConectadosPorMuchosPixelesParaTodosLadosAdy4_TestE10CreateTestEv
FN:466,_ZN7testing8internal15TestFactoryImplI77sonPixelesConectadosTest_PixelesConectadosPorMuchosPixelesVerticalesAdy4_TestE10CreateTestEv
FNDA:1,_ZN7testing8internal15TestFactoryImplI77sonPixelesConectadosTest_PixelesConectadosPorMuchosPixelesVerticalesAdy4_TestE10CreateTestEv
FN:466,_ZN7testing8internal15TestFactoryImplI69sonPixelesConectadosTest_PixelesConectadosPorUnPixelVerticalAdy4_TestE10CreateTestEv
FNDA:1,_ZN7testing8internal15TestFactoryImplI69sonPixelesConectadosTest_PixelesConectadosPorUnPixelVerticalAdy4_TestE10CreateTestEv
FN:466,_ZN7testing8internal15TestFactoryImplI84sonPixelesConectadosTest_PixelesEnVerticalAlRevesSeparadosNoEstanConectadosAdy4_TestE10CreateTestEv
FNDA:1,_ZN7testing8internal15TestFactoryImplI84sonPixelesConectadosTest_PixelesEnVerticalAlRevesSeparadosNoEstanConectadosAdy4_TestE10CreateTestEv
FN:466,_ZN7testing8internal15TestFactoryImplI86sonPixelesConectadosTest_PixelesEnHorizontalAlRevesSeparadosNoEstanConectadosAdy4_TestE10CreateTestEv
FNDA:1,_ZN7testing8internal15TestFactoryImplI86sonPixelesConectadosTest_PixelesEnHorizontalAlRevesSeparadosNoEstanConectadosAdy4_TestE10CreateTestEv
FN:466,_ZN7testing8internal15TestFactoryImplI77sonPixelesConectadosTest_PixelesEnVerticalSeparadosNoEstanConectadosAdy4_TestE10CreateTestEv
FNDA:1,_ZN7testing8internal15TestFactoryImplI77sonPixelesConectadosTest_PixelesEnVerticalSeparadosNoEstanConectadosAdy4_TestE10CreateTestEv
FN:466,_ZN7testing8internal15TestFactoryImplI79sonPixelesConectadosTest_PixelesEnHorizontalSeparadosNoEstanConectadosAdy4_TestE10CreateTestEv
FNDA:1,_ZN7testing8internal15TestFactoryImplI79sonPixelesConectadosTest_PixelesEnHorizontalSeparadosNoEstanConectadosAdy4_TestE10CreateTestEv
FN:466,_ZN7testing8internal15TestFactoryImplI68sonPixelesConectadosTest_PixelesEnHorizontalEstanConectadosAdy4_TestE10CreateTestEv
FNDA:1,_ZN7testing8internal15TestFactoryImplI68sonPixelesConectadosTest_PixelesEnHorizontalEstanConectadosAdy4_TestE10CreateTestEv
FN:487,_ZN7testing8internal12CodeLocationC2ERKNSt7__cxx1112basic_stringIcSt11char_traitsIcESaIcEEEi
FNDA:0,_ZN7testing8internal12CodeLocationC2ERKNSt7__cxx1112basic_stringIcSt11char_traitsIcESaIcEEEi
DA:448,0
DA:448,0
DA:455,0
DA:466,1
DA:466,1
DA:466,1
DA:466,1
DA:466,1
DA:466,1
DA:466,1
DA:466,1
DA:466,1
DA:466,1
DA:466,1
DA:466,1
DA:466,1
DA:466,1
DA:466,1
DA:466,1
DA:466,1
DA:487,0
DA:488,0
end_of_record
SF:/usr/include/c++/9/initializer_list
FN:71,_ZNKSt16initializer_listISt6vectorIiSaIiEEE4sizeEv
FNDA:0,_ZNKSt16initializer_listISt6vectorIiSaIiEEE4sizeEv
FN:71,_ZNKSt16initializer_listIiE4sizeEv
FNDA:0,_ZNKSt16initializer_listIiE4sizeEv
FN:75,_ZNKSt16initializer_listISt6vectorIiSaIiEEE5beginEv
FNDA:0,_ZNKSt16initializer_listISt6vectorIiSaIiEEE5beginEv
FN:75,_ZNKSt16initializer_listIiE5beginEv
FNDA:0,_ZNKSt16initializer_listIiE5beginEv
FN:79,_ZNKSt16initializer_listISt6vectorIiSaIiEEE3endEv
FNDA:0,_ZNKSt16initializer_listISt6vectorIiSaIiEEE3endEv
FN:79,_ZNKSt16initializer_listIiE3endEv
FNDA:0,_ZNKSt16initializer_listIiE3endEv
DA:71,0
DA:71,0
DA:75,0
DA:75,0
DA:79,0
DA:79,0
end_of_record
SF:/usr/include/c++/9/bits/char_traits.h
FN:329,_ZNSt11char_traitsIcE6lengthEPKc
FNDA:0,_ZNSt11char_traitsIcE6lengthEPKc
DA:329,0
DA:335,0
end_of_record
SF:/home/pato/TPIMorfMat/template-alumnos/lib/googletest-master/googletest/include/gtest/gtest.h
FN:286,_ZN7testing15AssertionResultC2IbEERKT_PNS_8internal8EnableIfIXntsrNS5_21ImplicitlyConvertibleIS2_S0_EE5valueEE4typeE
FNDA:0,_ZN7testing15AssertionResultC2IbEERKT_PNS_8internal8EnableIfIXntsrNS5_21ImplicitlyConvertibleIS2_S0_EE5valueEE4typeE
FN:304,_ZNK7testing15AssertionResultcvbEv
FNDA:0,_ZNK7testing15AssertionResultcvbEv
FN:414,_ZN7testing4Test13SetUpTestCaseEv
FNDA:0,_ZN7testing4Test13SetUpTestCaseEv
FN:422,_ZN7testing4Test16TearDownTestCaseEv
FNDA:0,_ZN7testing4Test16TearDownTestCaseEv
FN:499,_ZN7testing4Test5SetupEv
FNDA:0,_ZN7testing4Test5SetupEv
DA:286,0
DA:291,0
DA:304,0
DA:414,0
DA:422,0
DA:499,0
end_of_record
SF:/usr/include/c++/9/bits/move.h
FN:47,_ZSt11__addressofISt6vectorIiSaIiEEEPT_RS3_
FNDA:0,_ZSt11__addressofISt6vectorIiSaIiEEEPT_RS3_
FN:74,_ZSt7forwardIRKSt6vectorIiSaIiEEEOT_RNSt16remove_referenceIS5_E4typeE
FNDA:0,_ZSt7forwardIRKSt6vectorIiSaIiEEEOT_RNSt16remove_referenceIS5_E4typeE
FN:99,_ZSt4moveIRSaIcEEONSt16remove_referenceIT_E4typeEOS3_
FNDA:0,_ZSt4moveIRSaIcEEONSt16remove_referenceIT_E4typeEOS3_
DA:47,0
DA:48,0
DA:74,0
DA:75,0
DA:99,0
DA:100,0
end_of_record
SF:/usr/include/c++/9/bits/basic_string.tcc
FN:206,_ZNSt7__cxx1112basic_stringIcSt11char_traitsIcESaIcEE12_M_constructIPcEEvT_S7_St20forward_iterator_tag
FNDA:0,_ZNSt7__cxx1112basic_stringIcSt11char_traitsIcESaIcEE12_M_constructIPcEEvT_S7_St20forward_iterator_tag
FN:206,_ZNSt7__cxx1112basic_stringIcSt11char_traitsIcESaIcEE12_M_constructIPKcEEvT_S8_St20forward_iterator_tag
FNDA:0,_ZNSt7__cxx1112basic_stringIcSt11char_traitsIcESaIcEE12_M_constructIPKcEEvT_S8_St20forward_iterator_tag
DA:206,0
DA:211,0
DA:212,0
DA:215,0
DA:217,0
DA:219,0
DA:220,0
DA:225,0
DA:226,0
DA:228,0
DA:229,0
DA:232,0
DA:233,0
DA:206,0
DA:211,0
DA:212,0
DA:215,0
DA:217,0
DA:219,0
DA:220,0
DA:225,0
DA:226,0
DA:228,0
DA:229,0
DA:232,0
DA:233,0
end_of_record
SF:/usr/include/c++/9/bits/stl_vector.h
FN:94,_ZNSt12_Vector_baseIiSaIiEE17_Vector_impl_dataC2Ev
FNDA:0,_ZNSt12_Vector_baseIiSaIiEE17_Vector_impl_dataC2Ev
FN:94,_ZNSt12_Vector_baseISt6vectorIiSaIiEESaIS2_EE17_Vector_impl_dataC2Ev
FNDA:0,_ZNSt12_Vector_baseISt6vectorIiSaIiEESaIS2_EE17_Vector_impl_dataC2Ev
FN:133,_ZNSt12_Vector_baseIiSaIiEE12_Vector_implC2ERKS0_
FNDA:0,_ZNSt12_Vector_baseIiSaIiEE12_Vector_implC2ERKS0_
FN:133,_ZNSt12_Vector_baseISt6vectorIiSaIiEESaIS2_EE12_Vector_implC2ERKS3_
FNDA:0,_ZNSt12_Vector_baseISt6vectorIiSaIiEESaIS2_EE12_Vector_implC2ERKS3_
FN:273,_ZNSt12_Vector_baseISt6vectorIiSaIiEESaIS2_EE19_M_get_Tp_allocatorEv
FNDA:0,_ZNSt12_Vector_baseISt6vectorIiSaIiEESaIS2_EE19_M_get_Tp_allocatorEv
FN:273,_ZNSt12_Vector_baseIiSaIiEE19_M_get_Tp_allocatorEv
FNDA:0,_ZNSt12_Vector_baseIiSaIiEE19_M_get_Tp_allocatorEv
FN:277,_ZNKSt12_Vector_baseIiSaIiEE19_M_get_Tp_allocatorEv
FNDA:0,_ZNKSt12_Vector_baseIiSaIiEE19_M_get_Tp_allocatorEv
FN:290,_ZNSt12_Vector_baseIiSaIiEEC2ERKS0_
FNDA:0,_ZNSt12_Vector_baseIiSaIiEEC2ERKS0_
FN:290,_ZNSt12_Vector_baseISt6vectorIiSaIiEESaIS2_EEC2ERKS3_
FNDA:0,_ZNSt12_Vector_baseISt6vectorIiSaIiEESaIS2_EEC2ERKS3_
FN:300,_ZNSt12_Vector_baseIiSaIiEEC2EmRKS0_
FNDA:0,_ZNSt12_Vector_baseIiSaIiEEC2EmRKS0_
FN:330,_ZNSt12_Vector_baseIiSaIiEED2Ev
FNDA:0,_ZNSt12_Vector_baseIiSaIiEED2Ev
FN:330,_ZNSt12_Vector_baseISt6vectorIiSaIiEESaIS2_EED2Ev
FNDA:0,_ZNSt12_Vector_baseISt6vectorIiSaIiEESaIS2_EED2Ev
FN:340,_ZNSt12_Vector_baseISt6vectorIiSaIiEESaIS2_EE11_M_allocateEm
FNDA:0,_ZNSt12_Vector_baseISt6vectorIiSaIiEESaIS2_EE11_M_allocateEm
FN:340,_ZNSt12_Vector_baseIiSaIiEE11_M_allocateEm
FNDA:0,_ZNSt12_Vector_baseIiSaIiEE11_M_allocateEm
FN:347,_ZNSt12_Vector_baseISt6vectorIiSaIiEESaIS2_EE13_M_deallocateEPS2_m
FNDA:0,_ZNSt12_Vector_baseISt6vectorIiSaIiEESaIS2_EE13_M_deallocateEPS2_m
FN:347,_ZNSt12_Vector_baseIiSaIiEE13_M_deallocateEPim
FNDA:0,_ZNSt12_Vector_baseIiSaIiEE13_M_deallocateEPim
FN:356,_ZNSt12_Vector_baseIiSaIiEE17_M_create_storageEm
FNDA:0,_ZNSt12_Vector_baseIiSaIiEE17_M_create_storageEm
FN:550,_ZNSt6vectorIiSaIiEEC2ERKS1_
FNDA:0,_ZNSt6vectorIiSaIiEEC2ERKS1_
FN:622,_ZNSt6vectorIS_IiSaIiEESaIS1_EEC2ESt16initializer_listIS1_ERKS2_
FNDA:0,_ZNSt6vectorIS_IiSaIiEESaIS1_EEC2ESt16initializer_listIS1_ERKS2_
FN:622,_ZNSt6vectorIiSaIiEEC2ESt16initializer_listIiERKS0_
FNDA:0,_ZNSt6vectorIiSaIiEEC2ESt16initializer_listIiERKS0_
[...]
DA:817,0
DA:818,0
DA:817,0
DA:818,0
DA:826,0
DA:827,0
DA:826,60
DA:827,60
DA:826,0
DA:827,0
DA:835,0
DA:836,0
DA:835,0
DA:836,0
DA:915,0
DA:916,0
DA:915,0
DA:916,0
DA:915,0
DA:916,0
DA:920,0
DA:921,0
DA:920,120
DA:921,120
DA:920,0
DA:921,0
DA:995,0
DA:996,0
DA:997,0
DA:995,302
DA:996,302
DA:997,302
DA:1040,0
DA:1043,0
DA:1040,0
DA:1043,0
DA:1058,277
DA:1061,277
DA:1058,0
DA:1061,0
DA:1058,0
DA:1061,0
DA:1184,0
DA:1186,0
DA:1189,0
DA:1191,0
DA:1195,0
DA:1196,0
DA:1184,63
DA:1186,63
DA:1189,33
DA:1191,33
DA:1195,30
DA:1196,63
DA:1184,1037
DA:1186,1037
DA:1189,317
DA:1191,317
DA:1195,720
DA:1196,1037
DA:1200,0
DA:1201,0
DA:1495,0
DA:1496,0
DA:1495,0
DA:1496,0
DA:1505,0
DA:1508,0
DA:1511,0
DA:1512,0
DA:1513,0
DA:1515,0
DA:1517,0
DA:1518,0
DA:1505,130
DA:1508,130
DA:1511,130
DA:1512,130
DA:1513,130
DA:1515,0
DA:1517,0
DA:1518,0
DA:1505,172
DA:1508,172
DA:1511,172
DA:1512,172
DA:1513,172
DA:1515,0
DA:1517,0
DA:1518,0
DA:1574,0
DA:1577,0
DA:1578,0
DA:1579,0
DA:1580,0
DA:1581,0
DA:1582,0
DA:1584,0
DA:1585,0
DA:1590,4
DA:1592,4
DA:1593,4
DA:1594,4
DA:1595,4
DA:1600,4
DA:1602,4
DA:1603,4
DA:1604,4
DA:1605,4
DA:1753,0
DA:1755,0
DA:1756,0
DA:1758,0
DA:1759,0
DA:1753,60
DA:1755,60
DA:1756,0
DA:1758,60
DA:1759,60
DA:1753,0
DA:1755,0
DA:1756,0
DA:1758,0
DA:1759,0
DA:1764,209
DA:1766,209
DA:1767,0
DA:1769,209
DA:1764,0
DA:1766,0
DA:1767,0
DA:1769,0
DA:1773,0
DA:1778,0
DA:1780,0
DA:1781,0
DA:1773,0
DA:1778,0
DA:1780,0
DA:1781,0
DA:1773,0
DA:1778,0
DA:1780,0
DA:1781,0
DA:1789,0
DA:1791,0
DA:1793,0
DA:1794,0
DA:1795,0
DA:1798,0
DA:1789,0
DA:1791,0
DA:1793,0
DA:1794,0
DA:1795,0
DA:1798,0
DA:1812,0
DA:1814,0
DA:1815,0
DA:1816,0
DA:1817,0
DA:1818,0
DA:1888,198900
DA:1889,198900
DA:1890,198900
DA:1912,198765
DA:1913,198765
end_of_record
SF:/usr/include/c++/9/bits/stl_iterator.h
FN:806,_ZN9__gnu_cxx17__normal_iteratorIPSt6vectorIiSaIiEES1_IS3_SaIS3_EEEC2ERKS4_
FNDA:0,_ZN9__gnu_cxx17__normal_iteratorIPSt6vectorIiSaIiEES1_IS3_SaIS3_EEEC2ERKS4_
FN:806,_ZN9__gnu_cxx17__normal_iteratorIPKSt6vectorIiSaIiEES1_IS3_SaIS3_EEEC2ERKS5_
FNDA:0,_ZN9__gnu_cxx17__normal_iteratorIPKSt6vectorIiSaIiEES1_IS3_SaIS3_EEEC2ERKS5_
FN:806,_ZN9__gnu_cxx17__normal_iteratorIPKiSt6vectorIiSaIiEEEC2ERKS2_
FNDA:0,_ZN9__gnu_cxx17__normal_iteratorIPKiSt6vectorIiSaIiEEEC2ERKS2_
FN:806,_ZN9__gnu_cxx17__normal_iteratorIPiSt6vectorIiSaIiEEEC2ERKS1_
FNDA:120,_ZN9__gnu_cxx17__normal_iteratorIPiSt6vectorIiSaIiEEEC2ERKS1_
FN:806,_ZN9__gnu_cxx17__normal_iteratorIPSt6vectorIS1_IiSaIiEESaIS3_EES1_IS5_SaIS5_EEEC2ERKS6_
FNDA:0,_ZN9__gnu_cxx17__normal_iteratorIPSt6vectorIS1_IiSaIiEESaIS3_EES1_IS5_SaIS5_EEEC2ERKS6_
FN:819,_ZNK9__gnu_cxx17__normal_iteratorIPKSt6vectorIiSaIiEES1_IS3_SaIS3_EEEdeEv
FNDA:0,_ZNK9__gnu_cxx17__normal_iteratorIPKSt6vectorIiSaIiEES1_IS3_SaIS3_EEEdeEv
FN:819,_ZNK9__gnu_cxx17__normal_iteratorIPSt6vectorIiSaIiEES1_IS3_SaIS3_EEEdeEv
FNDA:1078,_ZNK9__gnu_cxx17__normal_iteratorIPSt6vectorIiSaIiEES1_IS3_SaIS3_EEEdeEv
FN:827,_ZN9__gnu_cxx17__normal_iteratorIPKSt6vectorIiSaIiEES1_IS3_SaIS3_EEEppEv
FNDA:0,_ZN9__gnu_cxx17__normal_iteratorIPKSt6vectorIiSaIiEES1_IS3_SaIS3_EEEppEv
FN:827,_ZN9__gnu_cxx17__normal_iteratorIPSt6vectorIiSaIiEES1_IS3_SaIS3_EEEppEv
FNDA:210,_ZN9__gnu_cxx17__normal_iteratorIPSt6vectorIiSaIiEES1_IS3_SaIS3_EEEppEv
FN:859,_ZNK9__gnu_cxx17__normal_iteratorIPiSt6vectorIiSaIiEEEplEl
FNDA:0,_ZNK9__gnu_cxx17__normal_iteratorIPiSt6vectorIiSaIiEEEplEl
FN:859,_ZNK9__gnu_cxx17__normal_iteratorIPSt6vectorIiSaIiEES1_IS3_SaIS3_EEEplEl
FNDA:34,_ZNK9__gnu_cxx17__normal_iteratorIPSt6vectorIiSaIiEES1_IS3_SaIS3_EEEplEl
FN:871,_ZNK9__gnu_cxx17__normal_iteratorIPKiSt6vectorIiSaIiEEE4baseEv
FNDA:0,_ZNK9__gnu_cxx17__normal_iteratorIPKiSt6vectorIiSaIiEEE4baseEv
FN:871,_ZNK9__gnu_cxx17__normal_iteratorIPSt6vectorIiSaIiEES1_IS3_SaIS3_EEE4baseEv
FNDA:0,_ZNK9__gnu_cxx17__normal_iteratorIPSt6vectorIiSaIiEES1_IS3_SaIS3_EEE4baseEv
FN:871,_ZNK9__gnu_cxx17__normal_iteratorIPiSt6vectorIiSaIiEEE4baseEv
FNDA:240,_ZNK9__gnu_cxx17__normal_iteratorIPiSt6vectorIiSaIiEEE4baseEv
FN:871,_ZNK9__gnu_cxx17__normal_iteratorIPSt6vectorIS1_IiSaIiEESaIS3_EES1_IS5_SaIS5_EEE4baseEv
FNDA:0,_ZNK9__gnu_cxx17__normal_iteratorIPSt6vectorIS1_IiSaIiEESaIS3_EES1_IS5_SaIS5_EEE4baseEv
FN:871,_ZNK9__gnu_cxx17__normal_iteratorIPKSt6vectorIiSaIiEES1_IS3_SaIS3_EEE4baseEv
FNDA:0,_ZNK9__gnu_cxx17__normal_iteratorIPKSt6vectorIiSaIiEES1_IS3_SaIS3_EEE4baseEv
FN:907,_ZN9__gnu_cxxneIPSt6vectorIiSaIiEES1_IS3_SaIS3_EEEEbRKNS_17__normal_iteratorIT_T0_EESC_
FNDA:226,_ZN9__gnu_cxxneIPSt6vectorIiSaIiEES1_IS3_SaIS3_EEEEbRKNS_17__normal_iteratorIT_T0_EESC_
FN:907,_ZN9__gnu_cxxneIPKSt6vectorIiSaIiEES1_IS3_SaIS3_EEEEbRKNS_17__normal_iteratorIT_T0_EESD_
FNDA:0,_ZN9__gnu_cxxneIPKSt6vectorIiSaIiEES1_IS3_SaIS3_EEEEbRKNS_17__normal_iteratorIT_T0_EESD_
FN:989,_ZN9__gnu_cxxmiIPSt6vectorIiSaIiEES1_IS3_SaIS3_EEEENS_17__normal_iteratorIT_T0_E15difference_typeERKSA_SD_
FNDA:0,_ZN9__gnu_cxxmiIPSt6vectorIiSaIiEES1_IS3_SaIS3_EEEENS_17__normal_iteratorIT_T0_E15difference_typeERKSA_SD_
FN:989,_ZN9__gnu_cxxmiIPiSt6vectorIiSaIiEEEENS_17__normal_iteratorIT_T0_E15difference_typeERKS8_SB_
FNDA:60,_ZN9__gnu_cxxmiIPiSt6vectorIiSaIiEEEENS_17__normal_iteratorIT_T0_E15difference_typeERKS8_SB_
FN:989,_ZN9__gnu_cxxmiIPSt6vectorIS1_IiSaIiEESaIS3_EES1_IS5_SaIS5_EEEENS_17__normal_iteratorIT_T0_E15difference_typeERKSC_SF_
FNDA:0,_ZN9__gnu_cxxmiIPSt6vectorIS1_IiSaIiEESaIS3_EES1_IS5_SaIS5_EEEENS_17__normal_iteratorIT_T0_E15difference_typeERKSC_SF_
FN:1010,_ZSt12__niter_baseIPiSt6vectorIiSaIiEEET_N9__gnu_cxx17__normal_iteratorIS4_T0_EE
FNDA:0,_ZSt12__niter_baseIPiSt6vectorIiSaIiEEET_N9__gnu_cxx17__normal_iteratorIS4_T0_EE
FN:1010,_ZSt12__niter_baseIPKiSt6vectorIiSaIiEEET_N9__gnu_cxx17__normal_iteratorIS5_T0_EE
FNDA:0,_ZSt12__niter_baseIPKiSt6vectorIiSaIiEEET_N9__gnu_cxx17__normal_iteratorIS5_T0_EE
FN:1010,_ZSt12__niter_baseIPKSt6vectorIiSaIiEES0_IS2_SaIS2_EEET_N9__gnu_cxx17__normal_iteratorIS7_T0_EE
FNDA:36,_ZSt12__niter_baseIPKSt6vectorIiSaIiEES0_IS2_SaIS2_EEET_N9__gnu_cxx17__normal_iteratorIS7_T0_EE
FN:1010,_ZSt12__niter_baseIPSt6vectorIiSaIiEES0_IS2_SaIS2_EEET_N9__gnu_cxx17__normal_iteratorIS6_T0_EE
FNDA:16,_ZSt12__niter_baseIPSt6vectorIiSaIiEES0_IS2_SaIS2_EEET_N9__gnu_cxx17__normal_iteratorIS6_T0_EE
FN:1057,_ZNSt13move_iteratorIPSt6vectorIS0_IiSaIiEESaIS2_EEEC2ES5_
FNDA:0,_ZNSt13move_iteratorIPSt6vectorIS0_IiSaIiEESaIS2_EEEC2ES5_
FN:1057,_ZNSt13move_iteratorIPSt6vectorIiSaIiEEEC2ES3_
FNDA:0,_ZNSt13move_iteratorIPSt6vectorIiSaIiEEEC2ES3_
FN:1057,_ZNSt13move_iteratorIPiEC2ES0_
FNDA:0,_ZNSt13move_iteratorIPiEC2ES0_
FN:1066,_ZNKSt13move_iteratorIPSt6vectorIS0_IiSaIiEESaIS2_EEE4baseEv
FNDA:0,_ZNKSt13move_iteratorIPSt6vectorIS0_IiSaIiEESaIS2_EEE4baseEv
FN:1066,_ZNKSt13move_iteratorIPiE4baseEv
FNDA:0,_ZNKSt13move_iteratorIPiE4baseEv
FN:1066,_ZNKSt13move_iteratorIPSt6vectorIiSaIiEEE4baseEv
FNDA:0,_ZNKSt13move_iteratorIPSt6vectorIiSaIiEEE4baseEv
FN:1070,_ZNKSt13move_iteratorIPSt6vectorIS0_IiSaIiEESaIS2_EEEdeEv
FNDA:0,_ZNKSt13move_iteratorIPSt6vectorIS0_IiSaIiEESaIS2_EEEdeEv
FN:1070,_ZNKSt13move_iteratorIPSt6vectorIiSaIiEEEdeEv
FNDA:0,_ZNKSt13move_iteratorIPSt6vectorIiSaIiEEEdeEv
FN:1078,_ZNSt13move_iteratorIPSt6vectorIS0_IiSaIiEESaIS2_EEEppEv
FNDA:0,_ZNSt13move_iteratorIPSt6vectorIS0_IiSaIiEESaIS2_EEEppEv
FN:1078,_ZNSt13move_iteratorIPSt6vectorIiSaIiEEEppEv
FNDA:0,_ZNSt13move_iteratorIPSt6vectorIiSaIiEEEppEv
FN:1145,_ZSteqIPSt6vectorIiSaIiEEEbRKSt13move_iteratorIT_ES8_
FNDA:0,_ZSteqIPSt6vectorIiSaIiEEEbRKSt13move_iteratorIT_ES8_
FN:1145,_ZSteqIPSt6vectorIS0_IiSaIiEESaIS2_EEEbRKSt13move_iteratorIT_ESA_
FNDA:0,_ZSteqIPSt6vectorIS0_IiSaIiEESaIS2_EEEbRKSt13move_iteratorIT_ESA_
FN:1157,_ZStneIPSt6vectorIiSaIiEEEbRKSt13move_iteratorIT_ES8_
FNDA:0,_ZStneIPSt6vectorIiSaIiEEEbRKSt13move_iteratorIT_ES8_
FN:1157,_ZStneIPSt6vectorIS0_IiSaIiEESaIS2_EEEbRKSt13move_iteratorIT_ESA_
FNDA:0,_ZStneIPSt6vectorIS0_IiSaIiEESaIS2_EEEbRKSt13move_iteratorIT_ESA_
FN:1242,_ZSt32__make_move_if_noexcept_iteratorISt6vectorIS0_IiSaIiEESaIS2_EESt13move_iteratorIPS4_EET0_PT_
FNDA:0,_ZSt32__make_move_if_noexcept_iteratorISt6vectorIS0_IiSaIiEESaIS2_EESt13move_iteratorIPS4_EET0_PT_
FN:1242,_ZSt32__make_move_if_noexcept_iteratorISt6vectorIiSaIiEESt13move_iteratorIPS2_EET0_PT_
FNDA:0,_ZSt32__make_move_if_noexcept_iteratorISt6vectorIiSaIiEESt13move_iteratorIPS2_EET0_PT_
FN:1242,_ZSt32__make_move_if_noexcept_iteratorIiSt13move_iteratorIPiEET0_PT_
FNDA:0,_ZSt32__make_move_if_noexcept_iteratorIiSt13move_iteratorIPiEET0_PT_
FN:1262,_ZSt12__miter_baseIPiEDTcl12__miter_basecldtfp_4baseEEESt13move_iteratorIT_E
FNDA:0,_ZSt12__miter_baseIPiEDTcl12__miter_basecldtfp_4baseEEESt13move_iteratorIT_E
DA:806,0
DA:807,0
DA:806,120
DA:807,120
DA:806,0
DA:807,0
DA:806,0
DA:807,0
DA:806,0
DA:807,0
DA:819,1078
DA:820,1078
DA:819,0
DA:820,0
DA:827,210
DA:829,210
DA:830,210
DA:827,0
DA:829,0
DA:830,0
DA:859,0
DA:860,0
DA:859,34
DA:860,34
DA:871,0
DA:872,0
DA:871,0
DA:872,0
DA:871,0
DA:872,0
DA:871,240
DA:872,240
DA:871,0
DA:872,0
DA:907,226
DA:910,226
DA:907,0
DA:910,0
DA:989,0
DA:992,0
DA:989,60
DA:992,60
DA:989,0
DA:992,0
DA:1010,0
DA:1012,0
DA:1010,16
DA:1012,16
DA:1010,36
DA:1012,36
DA:1010,0
DA:1012,0
DA:1057,0
DA:1058,0
DA:1057,0
DA:1058,0
DA:1057,0
DA:1058,0
DA:1066,0
DA:1067,0
DA:1066,0
DA:1067,0
DA:1066,0
DA:1067,0
DA:1070,0
DA:1071,0
DA:1070,0
DA:1071,0
DA:1078,0
DA:1080,0
DA:1081,0
DA:1078,0
DA:1080,0
DA:1081,0
DA:1145,0
DA:1147,0
DA:1145,0
DA:1147,0
DA:1157,0
DA:1159,0
DA:1157,0
DA:1159,0
DA:1242,0
DA:1243,0
DA:1242,0
DA:1243,0
DA:1242,0
DA:1243,0
DA:1262,0
DA:1264,0
end_of_record
SF:/usr/include/c++/9/bits/allocator.h
FN:138,_ZNSaISt6vectorIS_IiSaIiEESaIS1_EEEC2Ev
FNDA:0,_ZNSaISt6vectorIS_IiSaIiEESaIS1_EEEC2Ev
FN:138,_ZNSaISt6vectorIiSaIiEEEC2Ev
FNDA:0,_ZNSaISt6vectorIiSaIiEEEC2Ev
FN:138,_ZNSaIiEC2Ev
FNDA:0,_ZNSaIiEC2Ev
FN:141,_ZNSaIiEC2ERKS_
FNDA:0,_ZNSaIiEC2ERKS_
FN:141,_ZNSaISt6vectorIiSaIiEEEC2ERKS2_
FNDA:0,_ZNSaISt6vectorIiSaIiEEEC2ERKS2_
FN:153,_ZNSaISt6vectorIS_IiSaIiEESaIS1_EEED2Ev
FNDA:0,_ZNSaISt6vectorIS_IiSaIiEESaIS1_EEED2Ev
FN:153,_ZNSaISt6vectorIiSaIiEEED2Ev
FNDA:0,_ZNSaISt6vectorIiSaIiEEED2Ev
FN:153,_ZNSaIiED2Ev
FNDA:0,_ZNSaIiED2Ev
FN:160,_ZStneRKSaIiES1_
FNDA:0,_ZStneRKSaIiES1_
FN:160,_ZStneRKSaISt6vectorIiSaIiEEES4_
FNDA:0,_ZStneRKSaISt6vectorIiSaIiEEES4_
DA:138,0
DA:138,0
DA:138,0
DA:141,0
DA:142,0
DA:141,0
DA:142,0
DA:153,0
DA:153,0
DA:153,0
DA:160,0
DA:161,0
DA:160,0
DA:161,0
end_of_record
SF:/usr/include/c++/9/bits/vector.tcc
FN:109,_ZNSt6vectorIS_IiSaIiEESaIS1_EE12emplace_backIJS1_EEEvDpOT_
FNDA:0,_ZNSt6vectorIS_IiSaIiEESaIS1_EE12emplace_backIJS1_EEEvDpOT_
FN:198,_ZNSt6vectorIiSaIiEEaSERKS1_
FNDA:0,_ZNSt6vectorIiSaIiEEaSERKS1_
FN:198,_ZNSt6vectorIS_IiSaIiEESaIS1_EEaSERKS3_
FNDA:172,_ZNSt6vectorIS_IiSaIiEESaIS1_EEaSERKS3_
FN:300,_ZNSt6vectorIS_IiSaIiEESaIS1_EE13_M_assign_auxIPKS1_EEvT_S7_St20forward_iterator_tag
FNDA:130,_ZNSt6vectorIS_IiSaIiEESaIS1_EE13_M_assign_auxIPKS1_EEvT_S7_St20forward_iterator_tag
FN:426,_ZNSt6vectorIS_IiSaIiEESaIS1_EE17_M_realloc_insertIJS1_EEEvN9__gnu_cxx17__normal_iteratorIPS1_S3_EEDpOT_
FNDA:0,_ZNSt6vectorIS_IiSaIiEESaIS1_EE17_M_realloc_insertIJS1_EEEvN9__gnu_cxx17__normal_iteratorIPS1_S3_EEDpOT_
FN:426,_ZNSt6vectorIS_IS_IiSaIiEESaIS1_EESaIS3_EE17_M_realloc_insertIJRKS3_EEEvN9__gnu_cxx17__normal_iteratorIPS3_S5_EEDpOT_
FNDA:0,_ZNSt6vectorIS_IS_IiSaIiEESaIS1_EESaIS3_EE17_M_realloc_insertIJRKS3_EEEvN9__gnu_cxx17__normal_iteratorIPS3_S5_EEDpOT_
FN:426,_ZNSt6vectorIiSaIiEE17_M_realloc_insertIJRKiEEEvN9__gnu_cxx17__normal_iteratorIPiS1_EEDpOT_
FNDA:30,_ZNSt6vectorIiSaIiEE17_M_realloc_insertIJRKiEEEvN9__gnu_cxx17__normal_iteratorIPiS1_EEDpOT_
FN:426,_ZNSt6vectorIS_IiSaIiEESaIS1_EE17_M_realloc_insertIJRKS1_EEEvN9__gnu_cxx17__normal_iteratorIPS1_S3_EEDpOT_
FNDA:720,_ZNSt6vectorIS_IiSaIiEESaIS1_EE17_M_realloc_insertIJRKS1_EEEvN9__gnu_cxx17__normal_iteratorIPS1_S3_EEDpOT_
DA:109,0
DA:112,0
DA:115,0
DA:117,0
DA:121,0
DA:125,0
DA:198,0
DA:201,0
DA:205,0
DA:207,0
DA:208,0
DA:211,0
DA:212,0
DA:213,0
DA:214,0
DA:215,0
DA:216,0
DA:217,0
DA:219,0
DA:223,0
DA:224,0
DA:226,0
DA:228,0
DA:229,0
DA:230,0
DA:231,0
DA:232,0
DA:233,0
DA:234,0
DA:236,0
DA:238,0
DA:239,0
DA:243,0
DA:245,0
DA:246,0
DA:248,0
DA:250,0
DA:252,0
DA:198,172
DA:201,172
DA:205,172
DA:207,0
DA:208,0
DA:211,0
DA:212,0
DA:213,0
DA:214,0
DA:215,0
DA:216,0
DA:217,0
DA:219,0
DA:223,172
DA:224,172
DA:226,172
DA:228,172
DA:229,172
DA:230,172
DA:231,172
DA:232,172
DA:233,172
DA:234,172
DA:236,0
DA:238,0
DA:239,0
DA:243,0
DA:245,0
DA:246,0
DA:248,0
DA:250,172
DA:252,172
DA:300,130
DA:304,130
DA:306,130
DA:308,130
DA:309,130
DA:310,130
DA:311,130
DA:313,130
DA:314,130
DA:315,130
DA:316,130
DA:317,130
DA:318,130
DA:320,0
DA:321,0
DA:324,0
DA:325,0
DA:326,0
DA:327,0
DA:329,0
DA:330,0
DA:332,0
DA:335,130
DA:426,0
DA:435,0
DA:437,0
DA:438,0
DA:439,0
DA:440,0
DA:441,0
DA:449,0
DA:450,0
DA:456,0
DA:459,0
DA:461,0
DA:462,0
DA:464,0
DA:466,0
DA:467,0
DA:474,0
DA:475,0
DA:477,0
DA:481,0
DA:482,0
DA:485,0
DA:487,0
DA:488,0
DA:489,0
DA:491,0
DA:492,0
DA:493,0
DA:496,0
DA:498,0
DA:500,0
DA:501,0
DA:502,0
DA:503,0
DA:504,0
DA:505,0
DA:426,0
DA:435,0
DA:437,0
DA:438,0
DA:439,0
DA:440,0
DA:441,0
DA:449,0
DA:450,0
DA:456,0
DA:459,0
DA:461,0
DA:462,0
DA:464,0
DA:466,0
DA:467,0
DA:474,0
DA:475,0
DA:477,0
DA:481,0
DA:482,0
DA:485,0
DA:487,0
DA:488,0
DA:489,0
DA:491,0
DA:492,0
DA:493,0
DA:496,0
DA:498,0
DA:500,0
DA:501,0
DA:502,0
DA:503,0
DA:504,0
DA:505,0
DA:426,30
DA:435,30
DA:437,30
DA:438,30
DA:439,30
DA:440,30
DA:441,30
DA:449,30
DA:450,30
DA:456,30
DA:459,30
DA:461,30
DA:462,30
DA:464,30
DA:466,30
DA:467,30
DA:474,0
DA:475,0
DA:477,0
DA:481,0
DA:482,0
DA:485,0
DA:487,0
DA:488,0
DA:489,0
DA:491,0
DA:492,0
DA:493,0
DA:496,30
DA:498,0
DA:500,30
DA:501,30
DA:502,30
DA:503,30
DA:504,30
DA:505,30
DA:426,720
DA:435,720
DA:437,720
DA:438,720
DA:439,720
DA:440,720
DA:441,720
DA:449,720
DA:450,720
DA:456,720
DA:459,720
DA:461,720
DA:462,720
DA:464,720
DA:466,720
DA:467,720
DA:474,0
DA:475,0
DA:477,0
DA:481,0
DA:482,0
DA:485,0
DA:487,0
DA:488,0
DA:489,0
DA:491,0
DA:492,0
DA:493,0
DA:496,720
DA:498,0
DA:500,720
DA:501,720
DA:502,720
DA:503,720
DA:504,720
DA:505,720
end_of_record
SF:/usr/include/c++/9/bits/alloc_traits.h
FN:443,_ZNSt16allocator_traitsISaISt6vectorIS0_IiSaIiEESaIS2_EEEE8allocateERS5_m
FNDA:0,_ZNSt16allocator_traitsISaISt6vectorIS0_IiSaIiEESaIS2_EEEE8allocateERS5_m
FN:443,_ZNSt16allocator_traitsISaIiEE8allocateERS0_m
FNDA:0,_ZNSt16allocator_traitsISaIiEE8allocateERS0_m
FN:443,_ZNSt16allocator_traitsISaISt6vectorIiSaIiEEEE8allocateERS3_m
FNDA:0,_ZNSt16allocator_traitsISaISt6vectorIiSaIiEEEE8allocateERS3_m
FN:469,_ZNSt16allocator_traitsISaISt6vectorIiSaIiEEEE10deallocateERS3_PS2_m
FNDA:0,_ZNSt16allocator_traitsISaISt6vectorIiSaIiEEEE10deallocateERS3_PS2_m
FN:469,_ZNSt16allocator_traitsISaIiEE10deallocateERS0_Pim
FNDA:0,_ZNSt16allocator_traitsISaIiEE10deallocateERS0_Pim
FN:469,_ZNSt16allocator_traitsISaISt6vectorIS0_IiSaIiEESaIS2_EEEE10deallocateERS5_PS4_m
FNDA:0,_ZNSt16allocator_traitsISaISt6vectorIS0_IiSaIiEESaIS2_EEEE10deallocateERS5_PS4_m
FN:482,_ZNSt16allocator_traitsISaISt6vectorIiSaIiEEEE9constructIS2_JRKS2_EEEvRS3_PT_DpOT0_
FNDA:1037,_ZNSt16allocator_traitsISaISt6vectorIiSaIiEEEE9constructIS2_JRKS2_EEEvRS3_PT_DpOT0_
FN:482,_ZNSt16allocator_traitsISaISt6vectorIS0_IiSaIiEESaIS2_EEEE9constructIS4_JS4_EEEvRS5_PT_DpOT0_
FNDA:0,_ZNSt16allocator_traitsISaISt6vectorIS0_IiSaIiEESaIS2_EEEE9constructIS4_JS4_EEEvRS5_PT_DpOT0_
FN:482,_ZNSt16allocator_traitsISaIiEE9constructIiJRKiEEEvRS0_PT_DpOT0_
FNDA:63,_ZNSt16allocator_traitsISaIiEE9constructIiJRKiEEEvRS0_PT_DpOT0_
FN:482,_ZNSt16allocator_traitsISaISt6vectorIS0_IiSaIiEESaIS2_EEEE9constructIS4_JRKS4_EEEvRS5_PT_DpOT0_
FNDA:0,_ZNSt16allocator_traitsISaISt6vectorIS0_IiSaIiEESaIS2_EEEE9constructIS4_JRKS4_EEEvRS5_PT_DpOT0_
FN:482,_ZNSt16allocator_traitsISaISt6vectorIiSaIiEEEE9constructIS2_JS2_EEEvRS3_PT_DpOT0_
FNDA:0,_ZNSt16allocator_traitsISaISt6vectorIiSaIiEEEE9constructIS2_JS2_EEEvRS3_PT_DpOT0_
FN:495,_ZNSt16allocator_traitsISaIiEE7destroyIiEEvRS0_PT_
FNDA:0,_ZNSt16allocator_traitsISaIiEE7destroyIiEEvRS0_PT_
FN:495,_ZNSt16allocator_traitsISaISt6vectorIS0_IiSaIiEESaIS2_EEEE7destroyIS4_EEvRS5_PT_
FNDA:0,_ZNSt16allocator_traitsISaISt6vectorIS0_IiSaIiEESaIS2_EEEE7destroyIS4_EEvRS5_PT_
FN:495,_ZNSt16allocator_traitsISaISt6vectorIiSaIiEEEE7destroyIS2_EEvRS3_PT_
FNDA:0,_ZNSt16allocator_traitsISaISt6vectorIiSaIiEEEE7destroyIS2_EEvRS3_PT_
FN:505,_ZNSt16allocator_traitsISaIiEE8max_sizeERKS0_
FNDA:0,_ZNSt16allocator_traitsISaIiEE8max_sizeERKS0_
FN:505,_ZNSt16allocator_traitsISaISt6vectorIiSaIiEEEE8max_sizeERKS3_
FNDA:0,_ZNSt16allocator_traitsISaISt6vectorIiSaIiEEEE8max_sizeERKS3_
FN:505,_ZNSt16allocator_traitsISaISt6vectorIS0_IiSaIiEESaIS2_EEEE8max_sizeERKS5_
FNDA:0,_ZNSt16allocator_traitsISaISt6vectorIS0_IiSaIiEESaIS2_EEEE8max_sizeERKS5_
FN:514,_ZNSt16allocator_traitsISaIiEE37select_on_container_copy_constructionERKS0_
FNDA:0,_ZNSt16allocator_traitsISaIiEE37select_on_container_copy_constructionERKS0_
FN:514,_ZNSt16allocator_traitsISaISt6vectorIiSaIiEEEE37select_on_container_copy_constructionERKS3_
FNDA:0,_ZNSt16allocator_traitsISaISt6vectorIiSaIiEEEE37select_on_container_copy_constructionERKS3_
FN:526,_ZSt18__do_alloc_on_copyISaISt6vectorIiSaIiEEEEvRT_RKS4_St17integral_constantIbLb0EE
FNDA:0,_ZSt18__do_alloc_on_copyISaISt6vectorIiSaIiEEEEvRT_RKS4_St17integral_constantIbLb0EE
FN:526,_ZSt18__do_alloc_on_copyISaIiEEvRT_RKS1_St17integral_constantIbLb0EE
FNDA:0,_ZSt18__do_alloc_on_copyISaIiEEvRT_RKS1_St17integral_constantIbLb0EE
FN:530,_ZSt15__alloc_on_copyISaIiEEvRT_RKS1_
FNDA:0,_ZSt15__alloc_on_copyISaIiEEvRT_RKS1_
FN:530,_ZSt15__alloc_on_copyISaISt6vectorIiSaIiEEEEvRT_RKS4_
FNDA:0,_ZSt15__alloc_on_copyISaISt6vectorIiSaIiEEEEvRT_RKS4_
FN:545,_ZSt18__do_alloc_on_moveISaISt6vectorIiSaIiEEEEvRT_S5_St17integral_constantIbLb1EE
FNDA:0,_ZSt18__do_alloc_on_moveISaISt6vectorIiSaIiEEEEvRT_S5_St17integral_constantIbLb1EE
FN:553,_ZSt15__alloc_on_moveISaISt6vectorIiSaIiEEEEvRT_S5_
FNDA:0,_ZSt15__alloc_on_moveISaISt6vectorIiSaIiEEEEvRT_S5_
DA:443,0
DA:444,0
DA:443,0
DA:444,0
DA:443,0
DA:444,0
DA:469,0
DA:470,0
DA:469,0
DA:470,0
DA:469,0
DA:470,0
DA:482,0
DA:484,0
DA:482,0
DA:484,0
DA:482,0
DA:484,0
DA:482,63
DA:484,63
DA:482,1037
DA:484,1037
DA:495,0
DA:497,0
DA:495,0
DA:497,0
DA:495,0
DA:497,0
DA:505,0
DA:506,0
DA:505,0
DA:506,0
DA:505,0
DA:506,0
DA:514,0
DA:515,0
DA:514,0
DA:515,0
DA:526,0
DA:527,0
DA:526,0
DA:527,0
DA:530,0
DA:534,0
DA:535,0
DA:530,0
DA:534,0
DA:535,0
DA:545,0
DA:546,0
DA:553,0
DA:557,0
DA:558,0
end_of_record
SF:/usr/include/c++/9/bits/stl_iterator_base_funcs.h
FN:98,_ZSt10__distanceIPKSt6vectorIiSaIiEEENSt15iterator_traitsIT_E15difference_typeES6_S6_St26random_access_iterator_tag
FNDA:205,_ZSt10__distanceIPKSt6vectorIiSaIiEEENSt15iterator_traitsIT_E15difference_typeES6_S6_St26random_access_iterator_tag
FN:98,_ZSt10__distanceIPKiENSt15iterator_traitsIT_E15difference_typeES3_S3_St26random_access_iterator_tag
FNDA:0,_ZSt10__distanceIPKiENSt15iterator_traitsIT_E15difference_typeES3_S3_St26random_access_iterator_tag
FN:138,_ZSt8distanceIPKSt6vectorIiSaIiEEENSt15iterator_traitsIT_E15difference_typeES6_S6_
FNDA:205,_ZSt8distanceIPKSt6vectorIiSaIiEEENSt15iterator_traitsIT_E15difference_typeES6_S6_
FN:138,_ZSt8distanceIPKiENSt15iterator_traitsIT_E15difference_typeES3_S3_
FNDA:0,_ZSt8distanceIPKiENSt15iterator_traitsIT_E15difference_typeES3_S3_
FN:174,_ZSt9__advanceIPKSt6vectorIiSaIiEElEvRT_T0_St26random_access_iterator_tag
FNDA:0,_ZSt9__advanceIPKSt6vectorIiSaIiEElEvRT_T0_St26random_access_iterator_tag
FN:202,_ZSt7advanceIPKSt6vectorIiSaIiEEmEvRT_T0_
FNDA:0,_ZSt7advanceIPKSt6vectorIiSaIiEEmEvRT_T0_
DA:98,205
DA:104,205
DA:98,0
DA:104,0
DA:138,205
DA:141,205
DA:142,410
DA:138,0
DA:141,0
DA:142,0
DA:174,0
DA:185,0
DA:186,0
DA:202,0
DA:205,0
DA:206,0
DA:207,0
end_of_record
TN:
SF:/home/pato/TPIMorfMat/template-alumnos/lib/googletest-master/googletest/include/gtest/gtest.h
FN:2326,_Z13RUN_ALL_TESTSv
FNDA:1,_Z13RUN_ALL_TESTSv
DA:2326,1
DA:2327,1
end_of_record
SF:/usr/include/c++/9/iostream
end_of_record
SF:/home/pato/TPIMorfMat/template-alumnos/main.cpp
FN:4,main
FNDA:1,main
DA:4,1
DA:5,1
DA:6,1
DA:7,1
end_of_record
